!! PLEASE REVIEW THIS LOG FOR SENSITIVE INFORMATION BEFORE SHARING !!

Dart Code extension: 3.60.1
Flutter extension: 3.60.0 (not activated)

App: Visual Studio Code
Version: 1.76.2
Platform: win

HTTP_PROXY: undefined
NO_PROXY: undefined

Logging Categories:
    General

Fri Mar 24 2023 [00:13:47 GMT+0530 (India Standard Time)] Log file started
[12:13:47 AM] [General] [Info] Searching for SDKs...
[12:13:47 AM] [General] [Info] Environment PATH:
[12:13:47 AM] [General] [Info]     C:\Python311\Scripts\
[12:13:47 AM] [General] [Info]     C:\Python311\
[12:13:47 AM] [General] [Info]     C:\Program Files\Common Files\Oracle\Java\javapath
[12:13:47 AM] [General] [Info]     C:\Windows\system32
[12:13:47 AM] [General] [Info]     C:\Windows
[12:13:47 AM] [General] [Info]     C:\Windows\System32\Wbem
[12:13:47 AM] [General] [Info]     C:\Windows\System32\WindowsPowerShell\v1.0\
[12:13:47 AM] [General] [Info]     C:\Windows\System32\OpenSSH\
[12:13:47 AM] [General] [Info]     C:\Program Files (x86)\NVIDIA Corporation\PhysX\Common
[12:13:47 AM] [General] [Info]     C:\Program Files\NVIDIA Corporation\NVIDIA NvDLISR
[12:13:47 AM] [General] [Info]     C:\WINDOWS\system32
[12:13:47 AM] [General] [Info]     C:\WINDOWS
[12:13:47 AM] [General] [Info]     C:\WINDOWS\System32\Wbem
[12:13:47 AM] [General] [Info]     C:\WINDOWS\System32\WindowsPowerShell\v1.0\
[12:13:47 AM] [General] [Info]     C:\WINDOWS\System32\OpenSSH\
[12:13:47 AM] [General] [Info]     C:\Program Files (x86)\mingw-w64\mingw32\bin
[12:13:47 AM] [General] [Info]     C:\Users\pawan\AppData\Local\atom\bin
[12:13:47 AM] [General] [Info]     C:\Users\pawan\AppData\Local\Programs\Python\Python39
[12:13:47 AM] [General] [Info]     "C:\Users\pawan\AppData\Local\Programs\Python\Python39
[12:13:47 AM] [General] [Info]     "
[12:13:47 AM] [General] [Info]     C:\Program Files\Git\cmd
[12:13:47 AM] [General] [Info]     C:\app\flutter\bin
[12:13:47 AM] [General] [Info]     C:\Users\pawan\Development\sdk\flutter\bin
[12:13:47 AM] [General] [Info]     C:\Program Files\Docker\Docker\resources\bin
[12:13:47 AM] [General] [Info]     C:\Program Files\nodejs\
[12:13:47 AM] [General] [Info]     C:\ProgramData\chocolatey\bin
[12:13:47 AM] [General] [Info]     C:\Program Files\MySQL\MySQL Shell 8.0\bin\
[12:13:47 AM] [General] [Info]     C:\Users\pawan\AppData\Local\Programs\Python\Python37\Scripts\
[12:13:47 AM] [General] [Info]     C:\Users\pawan\AppData\Local\Programs\Python\Python37\
[12:13:47 AM] [General] [Info]     C:\Users\pawan\anaconda3
[12:13:47 AM] [General] [Info]     C:\Users\pawan\anaconda3\Library\mingw-w64\bin
[12:13:47 AM] [General] [Info]     C:\Users\pawan\anaconda3\Library\usr\bin
[12:13:47 AM] [General] [Info]     C:\Users\pawan\anaconda3\Library\bin
[12:13:47 AM] [General] [Info]     C:\Users\pawan\anaconda3\Scripts
[12:13:47 AM] [General] [Info]     C:\Users\pawan\AppData\Local\Microsoft\WindowsApps
[12:13:47 AM] [General] [Info]     C:\Users\pawan\AppData\Local\Programs\Python\Python39
[12:13:47 AM] [General] [Info]     C:\Users\pawan\AppData\Local\Programs\Python\Python39\Scripts
[12:13:47 AM] [General] [Info]     C:\Users\pawan\AppData\Local\Programs\Microsoft VS Code\bin
[12:13:47 AM] [General] [Info]     C:\Program Files\JetBrains\PyCharm Community Edition 2021.1.3\bin
[12:13:47 AM] [General] [Info]     C:\Users\pawan\AppData\Local\Microsoft\WindowsApps
[12:13:47 AM] [General] [Info]     C:\Program Files\JetBrains\IntelliJ IDEA Community Edition 2021.3.2\bin
[12:13:47 AM] [General] [Info]     C:\Users\pawan\Development\sdk\flutter\bin
[12:13:47 AM] [General] [Info]     C:\Program Files\Java\jdk-15.0.1\bin
[12:13:47 AM] [General] [Info]     C:\Program Files\Docker\Docker\resources\bin
[12:13:47 AM] [General] [Info]     C:\Users\pawan\AppData\Roaming\npm
[12:13:47 AM] [General] [Info]     C:\Program Files\nodejs\
[12:13:47 AM] [General] [Info]     C:\ProgramData\chocolatey\bin
[12:13:47 AM] [General] [Info]     C:\Users\pawan\.deta\bin
[12:13:47 AM] [General] [Info]     C:\Users\pawan\.detaspace\bin
[12:13:47 AM] [General] [Info]     C:\Users\pawan\AppData\Local\Google\Cloud SDK\google-cloud-sdk\bin
[12:13:52 AM] [General] [Info] Took 5181ms to search for projects (5 levels)
[12:13:52 AM] [General] [Info] Took 5ms to filter out excluded projects (0 exclusion rules)
[12:13:52 AM] [General] [Info] Found Flutter project at C:\Users\pawan\OneDrive\Desktop\Files\quiz:
			Mobile? true
			Web? false
			Create Trigger? false
			Flutter Repo? false
[12:13:52 AM] [General] [Info] Searching for flutter.bat
[12:13:52 AM] [General] [Info]     Looking for flutter.bat in:
[12:13:52 AM] [General] [Info]         C:\Users\pawan\OneDrive\Desktop\Files\quiz
[12:13:52 AM] [General] [Info]         C:\Users\pawan\OneDrive\Desktop\Files\quiz\bin
[12:13:52 AM] [General] [Info]         C:\Users\pawan\Development\sdk\flutter\bin\
[12:13:52 AM] [General] [Info]         C:\Users\pawan\OneDrive\Desktop\Files\quiz\.flutter
[12:13:52 AM] [General] [Info]         C:\Users\pawan\OneDrive\Desktop\Files\quiz\.flutter\bin
[12:13:52 AM] [General] [Info]         C:\Users\pawan\OneDrive\Desktop\Files\quiz\vendor\flutter
[12:13:52 AM] [General] [Info]         C:\Users\pawan\OneDrive\Desktop\Files\quiz\vendor\flutter\bin
[12:13:52 AM] [General] [Info]         C:\Users\pawan\flutter-sdk
[12:13:52 AM] [General] [Info]         C:\Users\pawan\flutter-sdk\bin
[12:13:52 AM] [General] [Info]         /google/flutter
[12:13:52 AM] [General] [Info]         \google\flutter\bin
[12:13:52 AM] [General] [Info]         C:\Python311\Scripts\
[12:13:52 AM] [General] [Info]         C:\Python311\Scripts\bin
[12:13:52 AM] [General] [Info]         C:\Python311\
[12:13:52 AM] [General] [Info]         C:\Python311\bin
[12:13:52 AM] [General] [Info]         C:\Program Files\Common Files\Oracle\Java\javapath
[12:13:52 AM] [General] [Info]         C:\Program Files\Common Files\Oracle\Java\javapath\bin
[12:13:52 AM] [General] [Info]         C:\Windows\system32
[12:13:52 AM] [General] [Info]         C:\Windows\system32\bin
[12:13:52 AM] [General] [Info]         C:\Windows
[12:13:52 AM] [General] [Info]         C:\Windows\bin
[12:13:52 AM] [General] [Info]         C:\Windows\System32\Wbem
[12:13:52 AM] [General] [Info]         C:\Windows\System32\Wbem\bin
[12:13:52 AM] [General] [Info]         C:\Windows\System32\WindowsPowerShell\v1.0\
[12:13:52 AM] [General] [Info]         C:\Windows\System32\WindowsPowerShell\v1.0\bin
[12:13:52 AM] [General] [Info]         C:\Windows\System32\OpenSSH\
[12:13:52 AM] [General] [Info]         C:\Windows\System32\OpenSSH\bin
[12:13:52 AM] [General] [Info]         C:\Program Files (x86)\NVIDIA Corporation\PhysX\Common
[12:13:52 AM] [General] [Info]         C:\Program Files (x86)\NVIDIA Corporation\PhysX\Common\bin
[12:13:52 AM] [General] [Info]         C:\Program Files\NVIDIA Corporation\NVIDIA NvDLISR
[12:13:52 AM] [General] [Info]         C:\Program Files\NVIDIA Corporation\NVIDIA NvDLISR\bin
[12:13:52 AM] [General] [Info]         C:\WINDOWS\system32
[12:13:52 AM] [General] [Info]         C:\WINDOWS\system32\bin
[12:13:52 AM] [General] [Info]         C:\WINDOWS
[12:13:52 AM] [General] [Info]         C:\WINDOWS\bin
[12:13:52 AM] [General] [Info]         C:\WINDOWS\System32\Wbem
[12:13:52 AM] [General] [Info]         C:\WINDOWS\System32\Wbem\bin
[12:13:52 AM] [General] [Info]         C:\WINDOWS\System32\WindowsPowerShell\v1.0\
[12:13:52 AM] [General] [Info]         C:\WINDOWS\System32\WindowsPowerShell\v1.0\bin
[12:13:52 AM] [General] [Info]         C:\WINDOWS\System32\OpenSSH\
[12:13:52 AM] [General] [Info]         C:\WINDOWS\System32\OpenSSH\bin
[12:13:52 AM] [General] [Info]         C:\Program Files (x86)\mingw-w64\mingw32\bin
[12:13:52 AM] [General] [Info]         C:\Users\pawan\AppData\Local\atom\bin
[12:13:52 AM] [General] [Info]         C:\Users\pawan\AppData\Local\Programs\Python\Python39
[12:13:52 AM] [General] [Info]         C:\Users\pawan\AppData\Local\Programs\Python\Python39\bin
[12:13:52 AM] [General] [Info]         C:\Users\pawan\OneDrive\Desktop\Files\quiz\"C:\Users\pawan\AppData\Local\Programs\Python\Python39
[12:13:52 AM] [General] [Info]         C:\Users\pawan\OneDrive\Desktop\Files\quiz\"C:\Users\pawan\AppData\Local\Programs\Python\Python39\bin
[12:13:52 AM] [General] [Info]         C:\Users\pawan\OneDrive\Desktop\Files\quiz\"
[12:13:52 AM] [General] [Info]         C:\Users\pawan\OneDrive\Desktop\Files\quiz\"\bin
[12:13:52 AM] [General] [Info]         C:\Program Files\Git\cmd
[12:13:52 AM] [General] [Info]         C:\Program Files\Git\cmd\bin
[12:13:52 AM] [General] [Info]         C:\app\flutter\bin
[12:13:52 AM] [General] [Info]         C:\Users\pawan\Development\sdk\flutter\bin
[12:13:52 AM] [General] [Info]         C:\Program Files\Docker\Docker\resources\bin
[12:13:52 AM] [General] [Info]         C:\Program Files\nodejs\
[12:13:52 AM] [General] [Info]         C:\Program Files\nodejs\bin
[12:13:52 AM] [General] [Info]         C:\ProgramData\chocolatey\bin
[12:13:52 AM] [General] [Info]         C:\Program Files\MySQL\MySQL Shell 8.0\bin\
[12:13:52 AM] [General] [Info]         C:\Users\pawan\AppData\Local\Programs\Python\Python37\Scripts\
[12:13:52 AM] [General] [Info]         C:\Users\pawan\AppData\Local\Programs\Python\Python37\Scripts\bin
[12:13:52 AM] [General] [Info]         C:\Users\pawan\AppData\Local\Programs\Python\Python37\
[12:13:52 AM] [General] [Info]         C:\Users\pawan\AppData\Local\Programs\Python\Python37\bin
[12:13:52 AM] [General] [Info]         C:\Users\pawan\anaconda3
[12:13:52 AM] [General] [Info]         C:\Users\pawan\anaconda3\bin
[12:13:52 AM] [General] [Info]         C:\Users\pawan\anaconda3\Library\mingw-w64\bin
[12:13:52 AM] [General] [Info]         C:\Users\pawan\anaconda3\Library\usr\bin
[12:13:52 AM] [General] [Info]         C:\Users\pawan\anaconda3\Library\bin
[12:13:52 AM] [General] [Info]         C:\Users\pawan\anaconda3\Scripts
[12:13:52 AM] [General] [Info]         C:\Users\pawan\anaconda3\Scripts\bin
[12:13:52 AM] [General] [Info]         C:\Users\pawan\AppData\Local\Microsoft\WindowsApps
[12:13:52 AM] [General] [Info]         C:\Users\pawan\AppData\Local\Microsoft\WindowsApps\bin
[12:13:52 AM] [General] [Info]         C:\Users\pawan\AppData\Local\Programs\Python\Python39
[12:13:52 AM] [General] [Info]         C:\Users\pawan\AppData\Local\Programs\Python\Python39\bin
[12:13:52 AM] [General] [Info]         C:\Users\pawan\AppData\Local\Programs\Python\Python39\Scripts
[12:13:52 AM] [General] [Info]         C:\Users\pawan\AppData\Local\Programs\Python\Python39\Scripts\bin
[12:13:52 AM] [General] [Info]         C:\Users\pawan\AppData\Local\Programs\Microsoft VS Code\bin
[12:13:52 AM] [General] [Info]         C:\Program Files\JetBrains\PyCharm Community Edition 2021.1.3\bin
[12:13:52 AM] [General] [Info]         C:\Users\pawan\AppData\Local\Microsoft\WindowsApps
[12:13:52 AM] [General] [Info]         C:\Users\pawan\AppData\Local\Microsoft\WindowsApps\bin
[12:13:52 AM] [General] [Info]         C:\Program Files\JetBrains\IntelliJ IDEA Community Edition 2021.3.2\bin
[12:13:52 AM] [General] [Info]         C:\Users\pawan\Development\sdk\flutter\bin
[12:13:52 AM] [General] [Info]         C:\Program Files\Java\jdk-15.0.1\bin
[12:13:52 AM] [General] [Info]         C:\Program Files\Docker\Docker\resources\bin
[12:13:52 AM] [General] [Info]         C:\Users\pawan\AppData\Roaming\npm
[12:13:52 AM] [General] [Info]         C:\Users\pawan\AppData\Roaming\npm\bin
[12:13:52 AM] [General] [Info]         C:\Program Files\nodejs\
[12:13:52 AM] [General] [Info]         C:\Program Files\nodejs\bin
[12:13:52 AM] [General] [Info]         C:\ProgramData\chocolatey\bin
[12:13:52 AM] [General] [Info]         C:\Users\pawan\.deta\bin
[12:13:52 AM] [General] [Info]         C:\Users\pawan\.detaspace\bin
[12:13:52 AM] [General] [Info]         C:\Users\pawan\AppData\Local\Google\Cloud SDK\google-cloud-sdk\bin
[12:13:52 AM] [General] [Info]     Found at:
[12:13:52 AM] [General] [Info]         C:\Users\pawan\Development\sdk\flutter\bin\
[12:13:52 AM] [General] [Info]         C:\Users\pawan\Development\sdk\flutter\bin
[12:13:52 AM] [General] [Info]         C:\Users\pawan\Development\sdk\flutter\bin
[12:13:52 AM] [General] [Info]     Candidate paths to be post-filtered:
[12:13:52 AM] [General] [Info]         C:\Users\pawan\Development\sdk\flutter
[12:13:52 AM] [General] [Info]         C:\Users\pawan\Development\sdk\flutter
[12:13:52 AM] [General] [Info]         C:\Users\pawan\Development\sdk\flutter
[12:13:52 AM] [General] [Info]     Found at C:\Users\pawan\Development\sdk\flutter
[12:13:52 AM] [General] [Info]     Returning SDK path C:\Users\pawan\Development\sdk\flutter for flutter.bat
[12:13:52 AM] [General] [Info] Searching for dart.exe
[12:13:52 AM] [General] [Info]     Looking for dart.exe in:
[12:13:52 AM] [General] [Info]         C:\Users\pawan\Development\sdk\flutter\bin\cache\dart-sdk
[12:13:52 AM] [General] [Info]         C:\Users\pawan\Development\sdk\flutter\bin\cache\dart-sdk\bin
[12:13:52 AM] [General] [Info]         C:\Python311\Scripts\
[12:13:52 AM] [General] [Info]         C:\Python311\Scripts\bin
[12:13:52 AM] [General] [Info]         C:\Python311\
[12:13:52 AM] [General] [Info]         C:\Python311\bin
[12:13:52 AM] [General] [Info]         C:\Program Files\Common Files\Oracle\Java\javapath
[12:13:52 AM] [General] [Info]         C:\Program Files\Common Files\Oracle\Java\javapath\bin
[12:13:52 AM] [General] [Info]         C:\Windows\system32
[12:13:52 AM] [General] [Info]         C:\Windows\system32\bin
[12:13:52 AM] [General] [Info]         C:\Windows
[12:13:52 AM] [General] [Info]         C:\Windows\bin
[12:13:52 AM] [General] [Info]         C:\Windows\System32\Wbem
[12:13:52 AM] [General] [Info]         C:\Windows\System32\Wbem\bin
[12:13:52 AM] [General] [Info]         C:\Windows\System32\WindowsPowerShell\v1.0\
[12:13:52 AM] [General] [Info]         C:\Windows\System32\WindowsPowerShell\v1.0\bin
[12:13:52 AM] [General] [Info]         C:\Windows\System32\OpenSSH\
[12:13:52 AM] [General] [Info]         C:\Windows\System32\OpenSSH\bin
[12:13:52 AM] [General] [Info]         C:\Program Files (x86)\NVIDIA Corporation\PhysX\Common
[12:13:52 AM] [General] [Info]         C:\Program Files (x86)\NVIDIA Corporation\PhysX\Common\bin
[12:13:52 AM] [General] [Info]         C:\Program Files\NVIDIA Corporation\NVIDIA NvDLISR
[12:13:52 AM] [General] [Info]         C:\Program Files\NVIDIA Corporation\NVIDIA NvDLISR\bin
[12:13:52 AM] [General] [Info]         C:\WINDOWS\system32
[12:13:52 AM] [General] [Info]         C:\WINDOWS\system32\bin
[12:13:52 AM] [General] [Info]         C:\WINDOWS
[12:13:52 AM] [General] [Info]         C:\WINDOWS\bin
[12:13:52 AM] [General] [Info]         C:\WINDOWS\System32\Wbem
[12:13:52 AM] [General] [Info]         C:\WINDOWS\System32\Wbem\bin
[12:13:52 AM] [General] [Info]         C:\WINDOWS\System32\WindowsPowerShell\v1.0\
[12:13:52 AM] [General] [Info]         C:\WINDOWS\System32\WindowsPowerShell\v1.0\bin
[12:13:52 AM] [General] [Info]         C:\WINDOWS\System32\OpenSSH\
[12:13:52 AM] [General] [Info]         C:\WINDOWS\System32\OpenSSH\bin
[12:13:52 AM] [General] [Info]         C:\Program Files (x86)\mingw-w64\mingw32\bin
[12:13:52 AM] [General] [Info]         C:\Users\pawan\AppData\Local\atom\bin
[12:13:52 AM] [General] [Info]         C:\Users\pawan\AppData\Local\Programs\Python\Python39
[12:13:52 AM] [General] [Info]         C:\Users\pawan\AppData\Local\Programs\Python\Python39\bin
[12:13:52 AM] [General] [Info]         C:\Users\pawan\OneDrive\Desktop\Files\quiz\"C:\Users\pawan\AppData\Local\Programs\Python\Python39
[12:13:52 AM] [General] [Info]         C:\Users\pawan\OneDrive\Desktop\Files\quiz\"C:\Users\pawan\AppData\Local\Programs\Python\Python39\bin
[12:13:52 AM] [General] [Info]         C:\Users\pawan\OneDrive\Desktop\Files\quiz\"
[12:13:52 AM] [General] [Info]         C:\Users\pawan\OneDrive\Desktop\Files\quiz\"\bin
[12:13:52 AM] [General] [Info]         C:\Program Files\Git\cmd
[12:13:52 AM] [General] [Info]         C:\Program Files\Git\cmd\bin
[12:13:52 AM] [General] [Info]         C:\app\flutter\bin
[12:13:52 AM] [General] [Info]         C:\Users\pawan\Development\sdk\flutter\bin
[12:13:52 AM] [General] [Info]         C:\Program Files\Docker\Docker\resources\bin
[12:13:52 AM] [General] [Info]         C:\Program Files\nodejs\
[12:13:52 AM] [General] [Info]         C:\Program Files\nodejs\bin
[12:13:52 AM] [General] [Info]         C:\ProgramData\chocolatey\bin
[12:13:52 AM] [General] [Info]         C:\Program Files\MySQL\MySQL Shell 8.0\bin\
[12:13:52 AM] [General] [Info]         C:\Users\pawan\AppData\Local\Programs\Python\Python37\Scripts\
[12:13:52 AM] [General] [Info]         C:\Users\pawan\AppData\Local\Programs\Python\Python37\Scripts\bin
[12:13:52 AM] [General] [Info]         C:\Users\pawan\AppData\Local\Programs\Python\Python37\
[12:13:52 AM] [General] [Info]         C:\Users\pawan\AppData\Local\Programs\Python\Python37\bin
[12:13:52 AM] [General] [Info]         C:\Users\pawan\anaconda3
[12:13:52 AM] [General] [Info]         C:\Users\pawan\anaconda3\bin
[12:13:52 AM] [General] [Info]         C:\Users\pawan\anaconda3\Library\mingw-w64\bin
[12:13:52 AM] [General] [Info]         C:\Users\pawan\anaconda3\Library\usr\bin
[12:13:52 AM] [General] [Info]         C:\Users\pawan\anaconda3\Library\bin
[12:13:52 AM] [General] [Info]         C:\Users\pawan\anaconda3\Scripts
[12:13:52 AM] [General] [Info]         C:\Users\pawan\anaconda3\Scripts\bin
[12:13:52 AM] [General] [Info]         C:\Users\pawan\AppData\Local\Microsoft\WindowsApps
[12:13:52 AM] [General] [Info]         C:\Users\pawan\AppData\Local\Microsoft\WindowsApps\bin
[12:13:52 AM] [General] [Info]         C:\Users\pawan\AppData\Local\Programs\Python\Python39
[12:13:52 AM] [General] [Info]         C:\Users\pawan\AppData\Local\Programs\Python\Python39\bin
[12:13:52 AM] [General] [Info]         C:\Users\pawan\AppData\Local\Programs\Python\Python39\Scripts
[12:13:52 AM] [General] [Info]         C:\Users\pawan\AppData\Local\Programs\Python\Python39\Scripts\bin
[12:13:52 AM] [General] [Info]         C:\Users\pawan\AppData\Local\Programs\Microsoft VS Code\bin
[12:13:52 AM] [General] [Info]         C:\Program Files\JetBrains\PyCharm Community Edition 2021.1.3\bin
[12:13:52 AM] [General] [Info]         C:\Users\pawan\AppData\Local\Microsoft\WindowsApps
[12:13:52 AM] [General] [Info]         C:\Users\pawan\AppData\Local\Microsoft\WindowsApps\bin
[12:13:52 AM] [General] [Info]         C:\Program Files\JetBrains\IntelliJ IDEA Community Edition 2021.3.2\bin
[12:13:52 AM] [General] [Info]         C:\Users\pawan\Development\sdk\flutter\bin
[12:13:52 AM] [General] [Info]         C:\Program Files\Java\jdk-15.0.1\bin
[12:13:52 AM] [General] [Info]         C:\Program Files\Docker\Docker\resources\bin
[12:13:52 AM] [General] [Info]         C:\Users\pawan\AppData\Roaming\npm
[12:13:52 AM] [General] [Info]         C:\Users\pawan\AppData\Roaming\npm\bin
[12:13:52 AM] [General] [Info]         C:\Program Files\nodejs\
[12:13:52 AM] [General] [Info]         C:\Program Files\nodejs\bin
[12:13:52 AM] [General] [Info]         C:\ProgramData\chocolatey\bin
[12:13:52 AM] [General] [Info]         C:\Users\pawan\.deta\bin
[12:13:52 AM] [General] [Info]         C:\Users\pawan\.detaspace\bin
[12:13:52 AM] [General] [Info]         C:\Users\pawan\AppData\Local\Google\Cloud SDK\google-cloud-sdk\bin
[12:13:52 AM] [General] [Info]         C:\Users\pawan\Development\sdk\flutter\bin\cache\dart-sdk
[12:13:52 AM] [General] [Info]         C:\Users\pawan\Development\sdk\flutter\bin\cache\dart-sdk\bin
[12:13:52 AM] [General] [Info]     Found at:
[12:13:52 AM] [General] [Info]         C:\Users\pawan\Development\sdk\flutter\bin\cache\dart-sdk\bin
[12:13:52 AM] [General] [Info]         C:\Users\pawan\Development\sdk\flutter\bin\cache\dart-sdk\bin
[12:13:52 AM] [General] [Info]     Candidate paths to be post-filtered:
[12:13:52 AM] [General] [Info]         C:\Users\pawan\Development\sdk\flutter\bin\cache\dart-sdk
[12:13:52 AM] [General] [Info]         C:\Users\pawan\Development\sdk\flutter\bin\cache\dart-sdk
[12:13:52 AM] [General] [Info]     Found at C:\Users\pawan\Development\sdk\flutter\bin\cache\dart-sdk
[12:13:52 AM] [General] [Info]     Returning SDK path C:\Users\pawan\Development\sdk\flutter\bin\cache\dart-sdk for dart.exe
[12:13:52 AM] [General] [Info] Experiment random number is 37 for experiment 'sdkDaps'. Experiment is enabled for <= 10
[12:13:52 AM] [General] [Info] Experiment 'sdkDaps' does not apply and will not be activated
[12:13:52 AM] [General] [Info] !! PLEASE REVIEW THIS LOG FOR SENSITIVE INFORMATION BEFORE SHARING !!

Dart Code extension: 3.60.1
Flutter extension: 3.60.0 (not activated)

App: Visual Studio Code
Version: 1.76.2
Platform: win

Workspace type: Flutter
Analyzer type: LSP
Multi-root?: false

Dart SDK:
    Loc: C:\Users\pawan\Development\sdk\flutter\bin\cache\dart-sdk
    Ver: 2.18.4
Flutter SDK:
    Loc: C:\Users\pawan\Development\sdk\flutter
    Ver: 3.3.7

HTTP_PROXY: undefined
NO_PROXY: undefined
[12:13:52 AM] [General] [Info] Returning cached results for project search
[12:13:52 AM] [General] [Info] Activating Flutter extension for Flutter project...
[12:13:52 AM] [General] [Info] Extension:Startup timing: 5315ms
[12:13:52 AM] [General] [Info] Version last used for Pub is 2.18.4 (2.18.0), current is 2.18.4 (2.18.0)
[12:13:52 AM] [General] [Info] Found 0 folders requiring "pub get" or "pub upgrade":
[12:13:53 AM] [General] [Info] Loaded 20000 from vscode-userdata:/c%3A/Users/pawan/AppData/Roaming/Code/User/globalStorage/dart-code.dart-code/package_cache.json
[12:13:53 AM] [General] [Info] !! PLEASE REVIEW THIS LOG FOR SENSITIVE INFORMATION BEFORE SHARING !!

Dart Code extension: 3.60.1
Flutter extension: 3.60.0 (activated)

App: Visual Studio Code
Version: 1.76.2
Platform: win

Workspace type: Flutter
Analyzer type: LSP
Multi-root?: false

Dart SDK:
    Loc: C:\Users\pawan\Development\sdk\flutter\bin\cache\dart-sdk
    Ver: 2.18.4
Flutter SDK:
    Loc: C:\Users\pawan\Development\sdk\flutter
    Ver: 3.3.7

HTTP_PROXY: undefined
NO_PROXY: undefined
[12:13:54 AM] [General] [Info] Analyzer:Startup timing: 2020ms
[12:14:01 AM] [General] [Info] Returning cached results for project search
[12:14:01 AM] [General] [Info] Checking 1 projects for supported platforms
[12:14:01 AM] [General] [Info] Supported platforms for the workspace are linux, windows, ios, android, web
[12:14:01 AM] [General] [Info] Returning cached promise for getSupportedPlatforms()
[12:14:12 AM] [General] [Info] Analyzer:FirstAnalysis timing: 10795ms
[12:17:28 AM] [General] [Info] Returning cached results for project search
[12:18:02 AM] [General] [Info] Starting debug session...
[12:18:02 AM] [General] [Info]     workspace: C:\Users\pawan\OneDrive\Desktop\Files\quiz
[12:18:02 AM] [General] [Info]     program  : lib/main.dart
[12:18:02 AM] [General] [Info] Setting cwd based on active workspace folder: C:\Users\pawan\OneDrive\Desktop\Files\quiz
[12:18:02 AM] [General] [Info] Converted program to absolute path: C:\Users\pawan\OneDrive\Desktop\Files\quiz\lib\main.dart
[12:18:02 AM] [General] [Info] Using workspace as cwd: C:\Users\pawan\OneDrive\Desktop\Files\quiz
[12:18:02 AM] [General] [Info] Detected launch project as Flutter
[12:18:02 AM] [General] [Info] Using Flutter debug adapter for this session
[12:18:02 AM] [General] [Info] Getting DevTools server address to pass to Flutter...
[12:18:02 AM] [General] [Info] Checking for errors before launching
[12:18:02 AM] [General] [Info] Debug session starting...
    {
        "name": "Flutter",
        "request": "launch",
        "type": "dart",
        "program": "C:\\Users\\pawan\\OneDrive\\Desktop\\Files\\quiz\\lib\\main.dart",
        "args": [
            "--web-hostname",
            "any"
        ],
        "__configurationTarget": 6,
        "noDebug": true,
        "dartCodeDebugSessionID": "session-b4aeb",
        "cwd": "C:\\Users\\pawan\\OneDrive\\Desktop\\Files\\quiz",
        "deviceId": "emulator-5554",
        "deviceName": "Pixel 4 XL API 30 (android-x86)",
        "toolEnv": {
            "FLUTTER_HOST": "VSCode",
            "PUB_ENVIRONMENT": "vscode.dart-code"
        },
        "sendLogsToClient": false,
        "sendCustomProgressEvents": true,
        "additionalProjectPaths": [
            "C:\\Users\\pawan\\OneDrive\\Desktop\\Files\\quiz"
        ],
        "vmAdditionalArgs": [],
        "toolArgs": [
            "--no-sound-null-safety",
            "-d",
            "emulator-5554",
            "--devtools-server-address",
            "http://127.0.0.1:9100/"
        ],
        "vmServicePort": 0,
        "dartSdkPath": "C:\\Users\\pawan\\Development\\sdk\\flutter\\bin\\cache\\dart-sdk",
        "vmServiceLogFile": "C:\\Users\\pawan\\OneDrive\\Desktop\\Files\\quiz\\logs\\observatory.txt",
        "maxLogLineLength": 2000,
        "debugSdkLibraries": false,
        "debugExternalPackageLibraries": false,
        "showDartDeveloperLogs": true,
        "evaluateGettersInDebugViews": true,
        "evaluateToStringInDebugViews": true,
        "flutterSdkPath": "C:\\Users\\pawan\\Development\\sdk\\flutter",
        "useInspectorNotificationsForWidgetErrors": true,
        "flutterRunLogFile": "C:\\Users\\pawan\\OneDrive\\Desktop\\Files\\quiz\\logs\\flutter_run.txt",
        "showMemoryUsage": false,
        "debuggerType": 2
    }
[12:18:02 AM] [General] [Info] Using flutter debugger for Flutter
[12:18:02 AM] [General] [Info] SDK DAP setting is false, set by sdkDaps experiment
[12:18:02 AM] [General] [Info] Running debugger via node with c:\Users\pawan\.vscode\extensions\dart-code.dart-code-3.60.1\out\dist\debug.js    flutter
[12:18:02 AM] [General] [Info] Did not find session 9b0716a0-b67d-451a-8a57-88daabd53259 to handle dart.progressStart. There were 0 sessions:
[12:18:02 AM] [General] [Info] Event will be queued and processed when the session start event fires
[12:18:02 AM] [General] [Info] Processing delayed event dart.progressStart for session 9b0716a0-b67d-451a-8a57-88daabd53259
[12:18:56 AM] [FlutterRun] [Error] [Flutter] lib/src/pages/home/teacher/home/components/quiz_add/controller/quiz_addition_controller.dart:132:22: Error: The getter 'qsIs' isn't defined for the class 'AddQuizController'.
[12:18:56 AM] [FlutterRun] [Error] [Flutter]  - 'AddQuizController' is from 'package:quiz/src/pages/home/teacher/home/components/quiz_add/controller/quiz_addition_controller.dart' ('lib/src/pages/home/teacher/home/components/quiz_add/controller/quiz_addition_controller.dart').
Try correcting the name to the name of an existing getter, or defining a getter or field named 'qsIs'.
      "question_id": qsIs,
                     ^^^^
[12:18:58 AM] [FlutterRun] [Error] [Flutter]
[12:18:59 AM] [FlutterRun] [Error] [Flutter]
[12:18:59 AM] [FlutterRun] [Error] [Flutter] FAILURE: Build failed with an exception.
[12:18:59 AM] [FlutterRun] [Error] [Flutter] * Where:
[12:18:59 AM] [FlutterRun] [Error] [Flutter] Script 'C:\Users\pawan\Development\sdk\flutter\packages\flutter_tools\gradle\flutter.gradle' line: 1159

* What went wrong:
Execution failed for task ':app:compileFlutterBuildDebug'.
[12:18:59 AM] [FlutterRun] [Error] [Flutter] > Process 'command 'C:\Users\pawan\Development\sdk\flutter\bin\flutter.bat'' finished with non-zero exit value 1
[12:18:59 AM] [FlutterRun] [Error] [Flutter] * Try:
> Run with --stacktrace option to get the stack trace.
[12:18:59 AM] [FlutterRun] [Error] [Flutter] > Run with --info or --debug option to get more log output.
> Run with --scan to get full insights.
[12:18:59 AM] [FlutterRun] [Error] [Flutter] 
* Get more help at https://help.gradle.org
[12:18:59 AM] [FlutterRun] [Error] [Flutter] 
BUILD FAILED in 48s
[12:19:00 AM] [FlutterRun] [Error] [Flutter] Exception: Gradle task assembleDebug failed with exit code 1
[12:19:00 AM] [General] [Info] Debugger:SessionDuration timing: 58328ms (Flutter)
[12:19:02 AM] [General] [Info] Starting debug session...
[12:19:02 AM] [General] [Info]     workspace: C:\Users\pawan\OneDrive\Desktop\Files\quiz
[12:19:02 AM] [General] [Info]     program  : lib/main.dart
[12:19:02 AM] [General] [Info] Setting cwd based on active workspace folder: C:\Users\pawan\OneDrive\Desktop\Files\quiz
[12:19:02 AM] [General] [Info] Converted program to absolute path: C:\Users\pawan\OneDrive\Desktop\Files\quiz\lib\main.dart
[12:19:02 AM] [General] [Info] Using workspace as cwd: C:\Users\pawan\OneDrive\Desktop\Files\quiz
[12:19:02 AM] [General] [Info] Detected launch project as Flutter
[12:19:02 AM] [General] [Info] Using Flutter debug adapter for this session
[12:19:02 AM] [General] [Info] Getting DevTools server address to pass to Flutter...
[12:19:02 AM] [General] [Info] Checking for errors before launching
[12:19:02 AM] [General] [Info] Debug session starting...
    {
        "name": "Flutter",
        "request": "launch",
        "type": "dart",
        "program": "C:\\Users\\pawan\\OneDrive\\Desktop\\Files\\quiz\\lib\\main.dart",
        "args": [
            "--web-hostname",
            "any"
        ],
        "__configurationTarget": 6,
        "noDebug": true,
        "dartCodeDebugSessionID": "session-21bd6",
        "cwd": "C:\\Users\\pawan\\OneDrive\\Desktop\\Files\\quiz",
        "deviceId": "emulator-5554",
        "deviceName": "Pixel 4 XL API 30 (android-x86)",
        "toolEnv": {
            "FLUTTER_HOST": "VSCode",
            "PUB_ENVIRONMENT": "vscode.dart-code"
        },
        "sendLogsToClient": false,
        "sendCustomProgressEvents": true,
        "additionalProjectPaths": [
            "C:\\Users\\pawan\\OneDrive\\Desktop\\Files\\quiz"
        ],
        "vmAdditionalArgs": [],
        "toolArgs": [
            "--no-sound-null-safety",
            "-d",
            "emulator-5554",
            "--devtools-server-address",
            "http://127.0.0.1:9100/"
        ],
        "vmServicePort": 0,
        "dartSdkPath": "C:\\Users\\pawan\\Development\\sdk\\flutter\\bin\\cache\\dart-sdk",
        "vmServiceLogFile": "C:\\Users\\pawan\\OneDrive\\Desktop\\Files\\quiz\\logs\\observatory.txt",
        "maxLogLineLength": 2000,
        "debugSdkLibraries": false,
        "debugExternalPackageLibraries": false,
        "showDartDeveloperLogs": true,
        "evaluateGettersInDebugViews": true,
        "evaluateToStringInDebugViews": true,
        "flutterSdkPath": "C:\\Users\\pawan\\Development\\sdk\\flutter",
        "useInspectorNotificationsForWidgetErrors": true,
        "flutterRunLogFile": "C:\\Users\\pawan\\OneDrive\\Desktop\\Files\\quiz\\logs\\flutter_run.txt",
        "showMemoryUsage": false,
        "debuggerType": 2
    }
[12:19:02 AM] [General] [Info] Using flutter debugger for Flutter
[12:19:02 AM] [General] [Info] SDK DAP setting is false, set by sdkDaps experiment
[12:19:02 AM] [General] [Info] Running debugger via node with c:\Users\pawan\.vscode\extensions\dart-code.dart-code-3.60.1\out\dist\debug.js    flutter
[12:19:03 AM] [General] [Info] Did not find session 28c03b4d-23aa-4266-abf5-d220e01d032c to handle dart.progressStart. There were 0 sessions:
[12:19:03 AM] [General] [Info] Event will be queued and processed when the session start event fires
[12:19:03 AM] [General] [Info] Processing delayed event dart.progressStart for session 28c03b4d-23aa-4266-abf5-d220e01d032c
[12:20:12 AM] [General] [Info] Took 299ms to search for projects (5 levels)
[12:20:12 AM] [General] [Info] Took 11ms to filter out excluded projects (0 exclusion rules)
[12:38:15 AM] [General] [Info] Debugger:SessionDuration timing: 1152391ms (Flutter)
[12:38:23 AM] [General] [Info] Starting debug session...
[12:38:23 AM] [General] [Info]     workspace: C:\Users\pawan\OneDrive\Desktop\Files\quiz
[12:38:23 AM] [General] [Info]     program  : lib/main.dart
[12:38:23 AM] [General] [Info] Setting cwd based on active workspace folder: C:\Users\pawan\OneDrive\Desktop\Files\quiz
[12:38:23 AM] [General] [Info] Converted program to absolute path: C:\Users\pawan\OneDrive\Desktop\Files\quiz\lib\main.dart
[12:38:23 AM] [General] [Info] Using workspace as cwd: C:\Users\pawan\OneDrive\Desktop\Files\quiz
[12:38:23 AM] [General] [Info] Detected launch project as Flutter
[12:38:23 AM] [General] [Info] Using Flutter debug adapter for this session
[12:38:23 AM] [General] [Info] Getting DevTools server address to pass to Flutter...
[12:38:23 AM] [General] [Info] Checking for errors before launching
[12:38:23 AM] [General] [Info] Debug session starting...
    {
        "name": "Flutter",
        "request": "launch",
        "type": "dart",
        "program": "C:\\Users\\pawan\\OneDrive\\Desktop\\Files\\quiz\\lib\\main.dart",
        "args": [
            "--web-hostname",
            "any"
        ],
        "__configurationTarget": 6,
        "noDebug": true,
        "dartCodeDebugSessionID": "session-d42a1",
        "cwd": "C:\\Users\\pawan\\OneDrive\\Desktop\\Files\\quiz",
        "deviceId": "emulator-5554",
        "deviceName": "Pixel 4 XL API 30 (android-x86)",
        "toolEnv": {
            "FLUTTER_HOST": "VSCode",
            "PUB_ENVIRONMENT": "vscode.dart-code"
        },
        "sendLogsToClient": false,
        "sendCustomProgressEvents": true,
        "additionalProjectPaths": [
            "C:\\Users\\pawan\\OneDrive\\Desktop\\Files\\quiz"
        ],
        "vmAdditionalArgs": [],
        "toolArgs": [
            "--no-sound-null-safety",
            "-d",
            "emulator-5554",
            "--devtools-server-address",
            "http://127.0.0.1:9100/"
        ],
        "vmServicePort": 0,
        "dartSdkPath": "C:\\Users\\pawan\\Development\\sdk\\flutter\\bin\\cache\\dart-sdk",
        "vmServiceLogFile": "C:\\Users\\pawan\\OneDrive\\Desktop\\Files\\quiz\\logs\\observatory.txt",
        "maxLogLineLength": 2000,
        "debugSdkLibraries": false,
        "debugExternalPackageLibraries": false,
        "showDartDeveloperLogs": true,
        "evaluateGettersInDebugViews": true,
        "evaluateToStringInDebugViews": true,
        "flutterSdkPath": "C:\\Users\\pawan\\Development\\sdk\\flutter",
        "useInspectorNotificationsForWidgetErrors": true,
        "flutterRunLogFile": "C:\\Users\\pawan\\OneDrive\\Desktop\\Files\\quiz\\logs\\flutter_run.txt",
        "showMemoryUsage": false,
        "debuggerType": 2
    }
[12:38:23 AM] [General] [Info] Using flutter debugger for Flutter
[12:38:23 AM] [General] [Info] SDK DAP setting is false, set by sdkDaps experiment
[12:38:23 AM] [General] [Info] Running debugger via node with c:\Users\pawan\.vscode\extensions\dart-code.dart-code-3.60.1\out\dist\debug.js    flutter
[12:38:23 AM] [General] [Info] Did not find session 2b96cc4f-93ed-49f8-bd60-d75e42b0e961 to handle dart.progressStart. There were 0 sessions:
[12:38:23 AM] [General] [Info] Event will be queued and processed when the session start event fires
[12:38:23 AM] [General] [Info] Processing delayed event dart.progressStart for session 2b96cc4f-93ed-49f8-bd60-d75e42b0e961
[12:38:51 AM] [General] [Info] Took 175ms to search for projects (5 levels)
[12:38:51 AM] [General] [Info] Took 4ms to filter out excluded projects (0 exclusion rules)
[12:48:05 AM] [FlutterRun] [Error] [Flutter] lib/src/pages/home/student/home/components/joinQuiz/components/join/design/options.dart:6:30: Error: Expected a type, but got '>'.
[12:48:05 AM] [FlutterRun] [Error] [Flutter] class Option extends GetView<> {
                             ^
[12:48:23 AM] [FlutterRun] [Error] [Flutter] lib/src/pages/home/student/home/components/joinQuiz/components/join/design/options.dart:6:30: Error: Expected a type, but got '>'.
class Option extends GetView<> {
[12:48:23 AM] [FlutterRun] [Error] [Flutter]                              ^
[12:48:32 AM] [FlutterRun] [Error] [Flutter] Hot reload was rejected:
[12:48:32 AM] [FlutterRun] [Error] [Flutter] Limitation: changing type parameters does not work with hot reload..
Try performing a hot restart instead.
[12:48:49 AM] [FlutterRun] [Error] [Flutter] Hot reload was rejected:
[12:48:49 AM] [FlutterRun] [Error] [Flutter] Limitation: changing type parameters does not work with hot reload..
Try performing a hot restart instead.
[12:49:02 AM] [FlutterRun] [Error] [Flutter] Hot reload was rejected:
[12:49:02 AM] [FlutterRun] [Error] [Flutter] Limitation: changing type parameters does not work with hot reload..
Try performing a hot restart instead.
[12:49:05 AM] [General] [Info] Starting debug session...
[12:49:05 AM] [General] [Info]     workspace: C:\Users\pawan\OneDrive\Desktop\Files\quiz
[12:49:05 AM] [General] [Info]     program  : lib/main.dart
[12:49:05 AM] [General] [Info] Setting cwd based on active workspace folder: C:\Users\pawan\OneDrive\Desktop\Files\quiz
[12:49:05 AM] [General] [Info] Converted program to absolute path: C:\Users\pawan\OneDrive\Desktop\Files\quiz\lib\main.dart
[12:49:05 AM] [General] [Info] Using workspace as cwd: C:\Users\pawan\OneDrive\Desktop\Files\quiz
[12:49:05 AM] [General] [Info] Detected launch project as Flutter
[12:49:05 AM] [General] [Info] Using Flutter debug adapter for this session
[12:49:05 AM] [General] [Info] Getting DevTools server address to pass to Flutter...
[12:49:05 AM] [General] [Info] Checking for errors before launching
[12:49:05 AM] [General] [Info] Debug session starting...
    {
        "name": "Flutter",
        "request": "launch",
        "type": "dart",
        "program": "C:\\Users\\pawan\\OneDrive\\Desktop\\Files\\quiz\\lib\\main.dart",
        "args": [
            "--web-hostname",
            "any"
        ],
        "__configurationTarget": 6,
        "noDebug": true,
        "dartCodeDebugSessionID": "session-c9155",
        "cwd": "C:\\Users\\pawan\\OneDrive\\Desktop\\Files\\quiz",
        "deviceId": "emulator-5554",
        "deviceName": "Pixel 4 XL API 30 (android-x86)",
        "toolEnv": {
            "FLUTTER_HOST": "VSCode",
            "PUB_ENVIRONMENT": "vscode.dart-code"
        },
        "sendLogsToClient": false,
        "sendCustomProgressEvents": true,
        "additionalProjectPaths": [
            "C:\\Users\\pawan\\OneDrive\\Desktop\\Files\\quiz"
        ],
        "vmAdditionalArgs": [],
        "toolArgs": [
            "--no-sound-null-safety",
            "-d",
            "emulator-5554",
            "--devtools-server-address",
            "http://127.0.0.1:9100/"
        ],
        "vmServicePort": 0,
        "dartSdkPath": "C:\\Users\\pawan\\Development\\sdk\\flutter\\bin\\cache\\dart-sdk",
        "vmServiceLogFile": "C:\\Users\\pawan\\OneDrive\\Desktop\\Files\\quiz\\logs\\observatory.txt",
        "maxLogLineLength": 2000,
        "debugSdkLibraries": false,
        "debugExternalPackageLibraries": false,
        "showDartDeveloperLogs": true,
        "evaluateGettersInDebugViews": true,
        "evaluateToStringInDebugViews": true,
        "flutterSdkPath": "C:\\Users\\pawan\\Development\\sdk\\flutter",
        "useInspectorNotificationsForWidgetErrors": true,
        "flutterRunLogFile": "C:\\Users\\pawan\\OneDrive\\Desktop\\Files\\quiz\\logs\\flutter_run.txt",
        "showMemoryUsage": false,
        "debuggerType": 2
    }
[12:49:12 AM] [General] [Info] Took 151ms to search for projects (5 levels)
[12:49:12 AM] [General] [Info] Took 4ms to filter out excluded projects (0 exclusion rules)
[12:50:07 AM] [General] [Info] Debugger:SessionDuration timing: 703440ms (Flutter)
[12:50:09 AM] [General] [Info] Returning cached results for project search
[12:50:09 AM] [General] [Info] Checking 1 projects for supported platforms
[12:50:09 AM] [General] [Info] Supported platforms for the workspace are linux, windows, ios, android, web
[12:50:11 AM] [General] [Info] Returning cached promise for getSupportedPlatforms()
[12:50:45 AM] [General] [Info] Saving emulator-5554 as preferred device
[12:50:45 AM] [General] [Info] Returning cached results for project search
[12:50:45 AM] [General] [Info] Checking 1 projects for supported platforms
[12:50:45 AM] [General] [Info] Supported platforms for the workspace are linux, windows, ios, android, web
[12:51:03 AM] [General] [Info] Starting debug session...
[12:51:03 AM] [General] [Info]     workspace: C:\Users\pawan\OneDrive\Desktop\Files\quiz
[12:51:03 AM] [General] [Info]     program  : lib/main.dart
[12:51:03 AM] [General] [Info] Setting cwd based on active workspace folder: C:\Users\pawan\OneDrive\Desktop\Files\quiz
[12:51:03 AM] [General] [Info] Converted program to absolute path: C:\Users\pawan\OneDrive\Desktop\Files\quiz\lib\main.dart
[12:51:03 AM] [General] [Info] Using workspace as cwd: C:\Users\pawan\OneDrive\Desktop\Files\quiz
[12:51:03 AM] [General] [Info] Detected launch project as Flutter
[12:51:03 AM] [General] [Info] Using Flutter debug adapter for this session
[12:51:03 AM] [General] [Info] Getting DevTools server address to pass to Flutter...
[12:51:03 AM] [General] [Info] Checking for errors before launching
[12:51:03 AM] [General] [Info] Debug session starting...
    {
        "name": "Flutter",
        "request": "launch",
        "type": "dart",
        "program": "C:\\Users\\pawan\\OneDrive\\Desktop\\Files\\quiz\\lib\\main.dart",
        "args": [
            "--web-hostname",
            "any"
        ],
        "__configurationTarget": 6,
        "noDebug": true,
        "dartCodeDebugSessionID": "session-73758",
        "cwd": "C:\\Users\\pawan\\OneDrive\\Desktop\\Files\\quiz",
        "deviceId": "emulator-5554",
        "deviceName": "Pixel 4 XL API 30 (android-x86)",
        "toolEnv": {
            "FLUTTER_HOST": "VSCode",
            "PUB_ENVIRONMENT": "vscode.dart-code"
        },
        "sendLogsToClient": false,
        "sendCustomProgressEvents": true,
        "additionalProjectPaths": [
            "C:\\Users\\pawan\\OneDrive\\Desktop\\Files\\quiz"
        ],
        "vmAdditionalArgs": [],
        "toolArgs": [
            "--no-sound-null-safety",
            "-d",
            "emulator-5554",
            "--devtools-server-address",
            "http://127.0.0.1:9100/"
        ],
        "vmServicePort": 0,
        "dartSdkPath": "C:\\Users\\pawan\\Development\\sdk\\flutter\\bin\\cache\\dart-sdk",
        "vmServiceLogFile": "C:\\Users\\pawan\\OneDrive\\Desktop\\Files\\quiz\\logs\\observatory.txt",
        "maxLogLineLength": 2000,
        "debugSdkLibraries": false,
        "debugExternalPackageLibraries": false,
        "showDartDeveloperLogs": true,
        "evaluateGettersInDebugViews": true,
        "evaluateToStringInDebugViews": true,
        "flutterSdkPath": "C:\\Users\\pawan\\Development\\sdk\\flutter",
        "useInspectorNotificationsForWidgetErrors": true,
        "flutterRunLogFile": "C:\\Users\\pawan\\OneDrive\\Desktop\\Files\\quiz\\logs\\flutter_run.txt",
        "showMemoryUsage": false,
        "debuggerType": 2
    }
[12:51:03 AM] [General] [Info] Using flutter debugger for Flutter
[12:51:03 AM] [General] [Info] SDK DAP setting is false, set by sdkDaps experiment
[12:51:03 AM] [General] [Info] Running debugger via node with c:\Users\pawan\.vscode\extensions\dart-code.dart-code-3.60.1\out\dist\debug.js    flutter
[12:51:03 AM] [General] [Info] Did not find session 4fbe1ba1-f380-4608-a395-36a8e65b1db1 to handle dart.progressStart. There were 0 sessions:
[12:51:03 AM] [General] [Info] Event will be queued and processed when the session start event fires
[12:51:03 AM] [General] [Info] Processing delayed event dart.progressStart for session 4fbe1ba1-f380-4608-a395-36a8e65b1db1
[12:51:33 AM] [General] [Info] Returning cached results for project search
[1:10:55 AM] [FlutterRun] [Error] [Flutter] lib/src/pages/home/student/home/components/joinQuiz/components/join/join_quiz.dart:174:69: Error: Required named parameter 'model' must be provided.
[1:10:55 AM] [FlutterRun] [Error] [Flutter]                     itemBuilder: ((context, index) => JoinQuizDesign(
                                                                    ^
lib/src/pages/home/student/home/components/joinQuiz/components/join/design/join_quiz_design.dart:13:9: Context: Found this candidate, but the arguments don't match.
  const JoinQuizDesign({
        ^^^^^^^^^^^^^^
[1:11:20 AM] [FlutterRun] [Error] [Flutter] lib/src/pages/home/student/home/components/joinQuiz/components/join/design/join_quiz_design.dart:92:30: Error: Required named parameter 'model' must be provided.
            (index) => Option(
[1:11:20 AM] [FlutterRun] [Error] [Flutter]                              ^
lib/src/pages/home/student/home/components/joinQuiz/components/join/design/options.dart:10:9: Context: Found this candidate, but the arguments don't match.
  const Option({
        ^^^^^^
[1:49:00 AM] [FlutterRun] [Error] [Flutter] lib/src/pages/home/student/home/components/joinQuiz/components/join/design/options.dart:54:47: Error: Too few positional arguments: 2 required, 1 given.
[1:49:00 AM] [FlutterRun] [Error] [Flutter]                   controller.maintainAnswerApi(model).then((value) {
                                              ^
[1:57:34 AM] [FlutterRun] [Error] [Flutter] lib/src/pages/home/student/home/components/joinQuiz/components/controller/option_controller.dart:40:11: Error: The getter 'quantity' isn't defined for the class 'OptionController'.
 - 'OptionController' is from 'package:quiz/src/pages/home/student/home/components/joinQuiz/components/controller/option_controller.dart' ('lib/src/pages/home/student/home/components/joinQuiz/components/controller/option_controller.dart').
[1:57:34 AM] [FlutterRun] [Error] [Flutter] Try correcting the name to the name of an existing getter, or defining a getter or field named 'quantity'.
          quantity + (items[key] ?? 0);
          ^^^^^^^^
lib/src/pages/home/student/home/components/joinQuiz/components/controller/option_controller.dart:40:23: Error: The getter 'items' isn't defined for the class 'OptionController'.
 - 'OptionController' is from 'package:quiz/src/pages/home/student/home/components/joinQuiz/components/controller/option_controller.dart' ('lib/src/pages/home/student/home/components/joinQuiz/components/controller/option_controller.dart').
Try correcting the name to the name of an existing getter, or defining a getter or field named 'items'.
          quantity + (items[key] ?? 0);
                      ^^^^^
lib/src/pages/home/student/home/components/joinQuiz/components/controller/option_controller.dart:40:29: Error: The getter 'key' isn't defined for the class 'OptionController'.
 - 'OptionController' is from 'package:quiz/src/pages/home/student/home/components/joinQuiz/components/controller/option_controller.dart' ('lib/src/pages/home/student/home/components/joinQuiz/components/controller/option_controller.dart').
Try correcting the name to the name of an existing getter, or defining a getter or field named 'key'.
          quantity + (items[key] ?? 0);
                            ^^^
[2:08:47 AM] [General] [Info] Starting debug session...
[2:08:47 AM] [General] [Info]     workspace: C:\Users\pawan\OneDrive\Desktop\Files\quiz
[2:08:47 AM] [General] [Info]     program  : lib/main.dart
[2:08:47 AM] [General] [Info] Setting cwd based on active workspace folder: C:\Users\pawan\OneDrive\Desktop\Files\quiz
[2:08:47 AM] [General] [Info] Converted program to absolute path: C:\Users\pawan\OneDrive\Desktop\Files\quiz\lib\main.dart
[2:08:47 AM] [General] [Info] Using workspace as cwd: C:\Users\pawan\OneDrive\Desktop\Files\quiz
[2:08:47 AM] [General] [Info] Detected launch project as Flutter
[2:08:47 AM] [General] [Info] Using Flutter debug adapter for this session
[2:08:47 AM] [General] [Info] Getting DevTools server address to pass to Flutter...
[2:08:47 AM] [General] [Info] Checking for errors before launching
[2:08:47 AM] [General] [Info] Debug session starting...
    {
        "name": "Flutter",
        "request": "launch",
        "type": "dart",
        "program": "C:\\Users\\pawan\\OneDrive\\Desktop\\Files\\quiz\\lib\\main.dart",
        "args": [
            "--web-hostname",
            "any"
        ],
        "__configurationTarget": 6,
        "noDebug": true,
        "dartCodeDebugSessionID": "session-d5438",
        "cwd": "C:\\Users\\pawan\\OneDrive\\Desktop\\Files\\quiz",
        "deviceId": "emulator-5554",
        "deviceName": "Pixel 4 XL API 30 (android-x86)",
        "toolEnv": {
            "FLUTTER_HOST": "VSCode",
            "PUB_ENVIRONMENT": "vscode.dart-code"
        },
        "sendLogsToClient": false,
        "sendCustomProgressEvents": true,
        "additionalProjectPaths": [
            "C:\\Users\\pawan\\OneDrive\\Desktop\\Files\\quiz"
        ],
        "vmAdditionalArgs": [],
        "toolArgs": [
            "--no-sound-null-safety",
            "-d",
            "emulator-5554",
            "--devtools-server-address",
            "http://127.0.0.1:9100/"
        ],
        "vmServicePort": 0,
        "dartSdkPath": "C:\\Users\\pawan\\Development\\sdk\\flutter\\bin\\cache\\dart-sdk",
        "vmServiceLogFile": "C:\\Users\\pawan\\OneDrive\\Desktop\\Files\\quiz\\logs\\observatory.txt",
        "maxLogLineLength": 2000,
        "debugSdkLibraries": false,
        "debugExternalPackageLibraries": false,
        "showDartDeveloperLogs": true,
        "evaluateGettersInDebugViews": true,
        "evaluateToStringInDebugViews": true,
        "flutterSdkPath": "C:\\Users\\pawan\\Development\\sdk\\flutter",
        "useInspectorNotificationsForWidgetErrors": true,
        "flutterRunLogFile": "C:\\Users\\pawan\\OneDrive\\Desktop\\Files\\quiz\\logs\\flutter_run.txt",
        "showMemoryUsage": false,
        "debuggerType": 2
    }
[2:08:50 AM] [General] [Info] Took 171ms to search for projects (5 levels)
[2:08:50 AM] [General] [Info] Took 6ms to filter out excluded projects (0 exclusion rules)
[2:21:05 AM] [FlutterRun] [Error] [Flutter] lib/src/pages/home/student/home/components/joinQuiz/components/join/design/join_quiz_design.dart:96:15: Error: No named parameter with the name 'press'.
[2:21:05 AM] [FlutterRun] [Error] [Flutter]               press: () {},
              ^^^^^
lib/src/pages/home/student/home/components/joinQuiz/components/join/design/options.dart:10:9: Context: Found this candidate, but the arguments don't match.
  const Option({
        ^^^^^^
[2:24:10 AM] [FlutterRun] [Error] [Flutter] lib/src/pages/home/student/home/components/joinQuiz/components/join/design/options.dart:54:47: Error: Too many positional arguments: 2 allowed, but 3 found.
Try removing the extra positional arguments.
[2:24:10 AM] [FlutterRun] [Error] [Flutter]                   controller.maintainAnswerApi(model, index, val).then((value) {
                                              ^
[2:24:15 AM] [FlutterRun] [Error] [Flutter] lib/src/pages/home/student/home/components/joinQuiz/components/join/design/options.dart:54:47: Error: Too many positional arguments: 2 allowed, but 3 found.
[2:24:15 AM] [FlutterRun] [Error] [Flutter] Try removing the extra positional arguments.
                  controller.maintainAnswerApi(model, index, val).then((value) {
                                              ^
[2:31:41 AM] [FlutterRun] [Error] [Flutter] lib/src/pages/home/teacher/home/components/create/create_quiz.dart:253:47: Error: Too few positional arguments: 4 required, 3 given.
                                  showSnackBar('Please select duration',
[2:31:41 AM] [FlutterRun] [Error] [Flutter]                                               ^
lib/src/global/global.dart:7:1: Context: Found this candidate, but the arguments don't match.
showSnackBar(var message, Color color, Color? textColor,SnackB) {
^^^^^^^^^^^^
[2:31:41 AM] [FlutterRun] [Error] [Flutter] lib/src/pages/auth/controller/common_auth_login_controller.dart:65:39: Error: Too few positional arguments: 4 required, 3 given.
                          showSnackBar(
[2:31:41 AM] [FlutterRun] [Error] [Flutter]                                       ^
lib/src/global/global.dart:7:1: Context: Found this candidate, but the arguments don't match.
showSnackBar(var message, Color color, Color? textColor,SnackB) {
^^^^^^^^^^^^
[2:31:41 AM] [FlutterRun] [Error] [Flutter] lib/src/pages/auth/controller/common_auth_login_controller.dart:144:17: Error: Too few positional arguments: 4 required, 3 given.
    showSnackBar("Sucessfully logged In", Colors.green, Colors.white);
[2:31:41 AM] [FlutterRun] [Error] [Flutter]                 ^
lib/src/global/global.dart:7:1: Context: Found this candidate, but the arguments don't match.
showSnackBar(var message, Color color, Color? textColor,SnackB) {
^^^^^^^^^^^^
lib/src/pages/auth/controller/common_auth_login_controller.dart:166:21: Error: Too few positional arguments: 4 required, 3 given.
        showSnackBar("Sucessfully logged In", Colors.green, Colors.white);
[2:31:41 AM] [FlutterRun] [Error] [Flutter]                     ^
lib/src/global/global.dart:7:1: Context: Found this candidate, but the arguments don't match.
showSnackBar(var message, Color color, Color? textColor,SnackB) {
^^^^^^^^^^^^
lib/src/pages/auth/controller/common_auth_login_controller.dart:176:21: Error: Too few positional arguments: 4 required, 3 given.
[2:31:41 AM] [FlutterRun] [Error] [Flutter]         showSnackBar(res["message"], Colors.red, Colors.white);
                    ^
lib/src/global/global.dart:7:1: Context: Found this candidate, but the arguments don't match.
showSnackBar(var message, Color color, Color? textColor,SnackB) {
^^^^^^^^^^^^
lib/src/pages/auth/controller/common_auth_login_controller.dart:180:19: Error: Too few positional arguments: 4 required, 3 given.
      showSnackBar("Please signup then login", Colors.red, Colors.white);
[2:31:41 AM] [FlutterRun] [Error] [Flutter]                   ^
lib/src/global/global.dart:7:1: Context: Found this candidate, but the arguments don't match.
showSnackBar(var message, Color color, Color? textColor,SnackB) {
^^^^^^^^^^^^
lib/src/pages/auth/controller/common_auth_login_controller.dart:197:19: Error: Too few positional arguments: 4 required, 3 given.
      showSnackBar(res["message"], Colors.red, Colors.white);
                  ^
lib/src/global/global.dart:7:1: Context: Found this candidate, but the arguments don't match.
showSnackBar(var message, Color color, Color? textColor,SnackB) {
^^^^^^^^^^^^
[2:31:41 AM] [FlutterRun] [Error] [Flutter] lib/src/pages/auth/controller/common_auth_login_controller.dart:210:21: Error: Too few positional arguments: 4 required, 3 given.
        showSnackBar(e.toString(), Colors.red, Colors.white);
                    ^
[2:31:41 AM] [FlutterRun] [Error] [Flutter] lib/src/global/global.dart:7:1: Context: Found this candidate, but the arguments don't match.
showSnackBar(var message, Color color, Color? textColor,SnackB) {
^^^^^^^^^^^^
[2:31:41 AM] [FlutterRun] [Error] [Flutter] lib/src/pages/auth/controller/common_auth_register_controller.dart:81:21: Error: Too few positional arguments: 4 required, 3 given.
        showSnackBar(
[2:31:41 AM] [FlutterRun] [Error] [Flutter]                     ^
lib/src/global/global.dart:7:1: Context: Found this candidate, but the arguments don't match.
showSnackBar(var message, Color color, Color? textColor,SnackB) {
^^^^^^^^^^^^
lib/src/pages/auth/controller/common_auth_register_controller.dart:90:21: Error: Too few positional arguments: 4 required, 3 given.
        showSnackBar(
[2:31:41 AM] [FlutterRun] [Error] [Flutter]                     ^
lib/src/global/global.dart:7:1: Context: Found this candidate, but the arguments don't match.
showSnackBar(var message, Color color, Color? textColor,SnackB) {
^^^^^^^^^^^^
lib/src/pages/auth/controller/common_auth_register_controller.dart:97:21: Error: Too few positional arguments: 4 required, 3 given.
        showSnackBar(res["message"], Colors.red, Colors.white);
                    ^
lib/src/global/global.dart:7:1: Context: Found this candidate, but the arguments don't match.
showSnackBar(var message, Color color, Color? textColor,SnackB) {
^^^^^^^^^^^^
lib/src/pages/auth/controller/common_auth_register_controller.dart:120:19: Error: Too few positional arguments: 4 required, 3 given.
[2:31:41 AM] [FlutterRun] [Error] [Flutter]       showSnackBar(e.toString(), Colors.red, Colors.white);
                  ^
lib/src/global/global.dart:7:1: Context: Found this candidate, but the arguments don't match.
showSnackBar(var message, Color color, Color? textColor,SnackB) {
^^^^^^^^^^^^
[2:31:41 AM] [FlutterRun] [Error] [Flutter] lib/src/pages/auth/controller/common_auth_register_controller.dart:189:21: Error: Too few positional arguments: 4 required, 3 given.
        showSnackBar(
                    ^
lib/src/global/global.dart:7:1: Context: Found this candidate, but the arguments don't match.
[2:31:41 AM] [FlutterRun] [Error] [Flutter] showSnackBar(var message, Color color, Color? textColor,SnackB) {
^^^^^^^^^^^^
lib/src/pages/auth/controller/common_auth_register_controller.dart:194:21: Error: Too few positional arguments: 4 required, 3 given.
        showSnackBar(jsonBody["message"], Colors.red, Colors.white);
                    ^
lib/src/global/global.dart:7:1: Context: Found this candidate, but the arguments don't match.
showSnackBar(var message, Color color, Color? textColor,SnackB) {
^^^^^^^^^^^^
lib/src/pages/auth/controller/common_auth_register_controller.dart:198:19: Error: Too few positional arguments: 4 required, 3 given.
[2:31:41 AM] [FlutterRun] [Error] [Flutter]       showSnackBar(e.toString(), Colors.red, Colors.white);
                  ^
lib/src/global/global.dart:7:1: Context: Found this candidate, but the arguments don't match.
showSnackBar(var message, Color color, Color? textColor,SnackB) {
^^^^^^^^^^^^
[2:31:41 AM] [FlutterRun] [Error] [Flutter] lib/src/pages/home/student/home/components/joinQuiz/components/controller/join_quiz_session_controller.dart:57:21: Error: Too few positional arguments: 4 required, 3 given.
[2:31:41 AM] [FlutterRun] [Error] [Flutter]         showSnackBar('Quiz is Completed', greenColor, whiteColor);
                    ^
lib/src/global/global.dart:7:1: Context: Found this candidate, but the arguments don't match.
showSnackBar(var message, Color color, Color? textColor,SnackB) {
^^^^^^^^^^^^
[2:31:41 AM] [FlutterRun] [Error] [Flutter] lib/src/pages/home/student/home/components/joinQuiz/components/controller/option_controller.dart:50:19: Error: Too few positional arguments: 4 required, 3 given.
[2:31:41 AM] [FlutterRun] [Error] [Flutter]       showSnackBar(e, redColor, whiteColor);
                  ^
lib/src/global/global.dart:7:1: Context: Found this candidate, but the arguments don't match.
showSnackBar(var message, Color color, Color? textColor,SnackB) {
^^^^^^^^^^^^
[2:31:41 AM] [FlutterRun] [Error] [Flutter] lib/src/pages/home/student/home/components/joinQuiz/components/controller/option_controller.dart:62:17: Error: Too few positional arguments: 4 required, 3 given.
[2:31:41 AM] [FlutterRun] [Error] [Flutter]     showSnackBar(decode["message"], greenColor, whiteColor);
                ^
lib/src/global/global.dart:7:1: Context: Found this candidate, but the arguments don't match.
showSnackBar(var message, Color color, Color? textColor,SnackB) {
^^^^^^^^^^^^
[2:31:41 AM] [FlutterRun] [Error] [Flutter] lib/src/pages/home/student/home/components/joinQuiz/components/join_quiz_controller.dart:47:19: Error: Too few positional arguments: 4 required, 3 given.
[2:31:41 AM] [FlutterRun] [Error] [Flutter]       showSnackBar('QuizID cannot be empty', redColor, whiteColor);
                  ^
lib/src/global/global.dart:7:1: Context: Found this candidate, but the arguments don't match.
showSnackBar(var message, Color color, Color? textColor,SnackB) {
^^^^^^^^^^^^
[2:31:41 AM] [FlutterRun] [Error] [Flutter] lib/src/pages/home/student/home/components/joinQuiz/components/join_quiz_controller.dart:71:21: Error: Too few positional arguments: 4 required, 3 given.
[2:31:41 AM] [FlutterRun] [Error] [Flutter]         showSnackBar(decode["message"], redColor, whiteColor);
                    ^
lib/src/global/global.dart:7:1: Context: Found this candidate, but the arguments don't match.
showSnackBar(var message, Color color, Color? textColor,SnackB) {
^^^^^^^^^^^^
[2:31:41 AM] [FlutterRun] [Error] [Flutter] lib/src/pages/home/student/home/components/joinQuiz/components/join_quiz_controller.dart:86:21: Error: Too few positional arguments: 4 required, 3 given.
[2:31:41 AM] [FlutterRun] [Error] [Flutter]         showSnackBar('Quiz is completed ', redColor, whiteColor);
                    ^
lib/src/global/global.dart:7:1: Context: Found this candidate, but the arguments don't match.
showSnackBar(var message, Color color, Color? textColor,SnackB) {
^^^^^^^^^^^^
[2:31:41 AM] [FlutterRun] [Error] [Flutter] lib/src/pages/home/student/home/components/joinQuiz/components/join_quiz_controller.dart:90:21: Error: Too few positional arguments: 4 required, 3 given.
        showSnackBar('Sessio Expired :)', greenColor, whiteColor);
                    ^
lib/src/global/global.dart:7:1: Context: Found this candidate, but the arguments don't match.
showSnackBar(var message, Color color, Color? textColor,SnackB) {
^^^^^^^^^^^^
lib/src/pages/home/student/home/components/joinQuiz/components/join_quiz_controller.dart:94:19: Error: Too few positional arguments: 4 required, 3 given.
[2:31:41 AM] [FlutterRun] [Error] [Flutter]       showSnackBar(e.toString(), redColor, whiteColor);
                  ^
lib/src/global/global.dart:7:1: Context: Found this candidate, but the arguments don't match.
showSnackBar(var message, Color color, Color? textColor,SnackB) {
^^^^^^^^^^^^
[2:31:41 AM] [FlutterRun] [Error] [Flutter] lib/src/pages/home/teacher/home/components/quiz_add/controller/quiz_addition_controller.dart:42:19: Error: Too few positional arguments: 4 required, 3 given.
[2:31:41 AM] [FlutterRun] [Error] [Flutter]       showSnackBar(
                  ^
lib/src/global/global.dart:7:1: Context: Found this candidate, but the arguments don't match.
showSnackBar(var message, Color color, Color? textColor,SnackB) {
^^^^^^^^^^^^
[2:31:41 AM] [FlutterRun] [Error] [Flutter] lib/src/pages/home/teacher/home/components/quiz_add/controller/quiz_addition_controller.dart:104:19: Error: Too few positional arguments: 4 required, 3 given.
[2:31:41 AM] [FlutterRun] [Error] [Flutter]       showSnackBar('Question Added sucessfully', greenColor, whiteColor);
                  ^
lib/src/global/global.dart:7:1: Context: Found this candidate, but the arguments don't match.
showSnackBar(var message, Color color, Color? textColor,SnackB) {
^^^^^^^^^^^^
lib/src/pages/home/teacher/home/components/quiz_add/controller/quiz_addition_controller.dart:108:21: Error: Too few positional arguments: 4 required, 3 given.
        showSnackBar('Your quiz is ready go to all quiz for actions',
[2:31:41 AM] [FlutterRun] [Error] [Flutter]                     ^
lib/src/global/global.dart:7:1: Context: Found this candidate, but the arguments don't match.
showSnackBar(var message, Color color, Color? textColor,SnackB) {
^^^^^^^^^^^^
lib/src/pages/home/teacher/home/components/quiz_add/controller/quiz_addition_controller.dart:118:19: Error: Too few positional arguments: 4 required, 3 given.
      showSnackBar(addedQuizJson["message"], redColor, whiteColor);
                  ^
lib/src/global/global.dart:7:1: Context: Found this candidate, but the arguments don't match.
showSnackBar(var message, Color color, Color? textColor,SnackB) {
^^^^^^^^^^^^
[2:31:41 AM] [FlutterRun] [Error] [Flutter] lib/src/pages/auth/controller/otp_controller.dart:75:23: Error: Too few positional arguments: 4 required, 3 given.
[2:31:41 AM] [FlutterRun] [Error] [Flutter]           showSnackBar("Account validated Sucessfully, Please log In",
                      ^
lib/src/global/global.dart:7:1: Context: Found this candidate, but the arguments don't match.
showSnackBar(var message, Color color, Color? textColor,SnackB) {
^^^^^^^^^^^^
[2:31:41 AM] [FlutterRun] [Error] [Flutter] lib/src/pages/auth/controller/otp_controller.dart:81:23: Error: Too few positional arguments: 4 required, 3 given.
          showSnackBar("Account validated Sucessfully, Please log In",
                      ^
lib/src/global/global.dart:7:1: Context: Found this candidate, but the arguments don't match.
showSnackBar(var message, Color color, Color? textColor,SnackB) {
^^^^^^^^^^^^
[2:31:41 AM] [FlutterRun] [Error] [Flutter] lib/src/pages/auth/controller/otp_controller.dart:87:23: Error: Too few positional arguments: 4 required, 3 given.
          showSnackBar(res['message'], Colors.green, Colors.white);
                      ^
lib/src/global/global.dart:7:1: Context: Found this candidate, but the arguments don't match.
showSnackBar(var message, Color color, Color? textColor,SnackB) {
^^^^^^^^^^^^
lib/src/pages/auth/controller/otp_controller.dart:94:21: Error: Too few positional arguments: 4 required, 3 given.
        showSnackBar(res['message'], Colors.red, Colors.white);
[2:31:41 AM] [FlutterRun] [Error] [Flutter]                     ^
lib/src/global/global.dart:7:1: Context: Found this candidate, but the arguments don't match.
showSnackBar(var message, Color color, Color? textColor,SnackB) {
^^^^^^^^^^^^
lib/src/pages/auth/controller/otp_controller.dart:100:19: Error: Too few positional arguments: 4 required, 3 given.
      showSnackBar(e.toString(), Colors.red, Colors.white);
                  ^
lib/src/global/global.dart:7:1: Context: Found this candidate, but the arguments don't match.
showSnackBar(var message, Color color, Color? textColor,SnackB) {
^^^^^^^^^^^^
[2:31:41 AM] [FlutterRun] [Error] [Flutter] lib/src/pages/home/student/home/components/joinQuiz/components/controller/detailed_view_controller.dart:28:19: Error: Too few positional arguments: 4 required, 3 given.
[2:31:41 AM] [FlutterRun] [Error] [Flutter]       showSnackBar(e.toString(), redColor, whiteColor);
                  ^
lib/src/global/global.dart:7:1: Context: Found this candidate, but the arguments don't match.
showSnackBar(var message, Color color, Color? textColor,SnackB) {
^^^^^^^^^^^^
[2:31:41 AM] [FlutterRun] [Error] [Flutter] lib/src/pages/home/student/home/components/joinQuiz/components/controller/detailed_view_controller.dart:47:19: Error: Too few positional arguments: 4 required, 3 given.
      showSnackBar(decode["message"], redColor, whiteColor);
                  ^
lib/src/global/global.dart:7:1: Context: Found this candidate, but the arguments don't match.
[2:31:41 AM] [FlutterRun] [Error] [Flutter] showSnackBar(var message, Color color, Color? textColor,SnackB) {
^^^^^^^^^^^^
lib/src/pages/home/student/home/components/joinQuiz/components/controller/detailed_view_controller.dart:56:21: Error: Too few positional arguments: 4 required, 3 given.
        showSnackBar(decode["message"], redColor, whiteColor);
                    ^
lib/src/global/global.dart:7:1: Context: Found this candidate, but the arguments don't match.
showSnackBar(var message, Color color, Color? textColor,SnackB) {
^^^^^^^^^^^^
lib/src/pages/home/student/home/components/joinQuiz/components/controller/detailed_view_controller.dart:59:21: Error: Too few positional arguments: 4 required, 3 given.
        showSnackBar(decode["message"], redColor, whiteColor);
[2:31:41 AM] [FlutterRun] [Error] [Flutter]                     ^
lib/src/global/global.dart:7:1: Context: Found this candidate, but the arguments don't match.
showSnackBar(var message, Color color, Color? textColor,SnackB) {
^^^^^^^^^^^^
[2:31:41 AM] [FlutterRun] [Error] [Flutter] lib/src/pages/home/teacher/home/components/allQuiz/controller/draft_quiz_controller.dart:49:19: Error: Too few positional arguments: 4 required, 3 given.
      showSnackBar(e.toString(), redColor, whiteColor);
[2:31:41 AM] [FlutterRun] [Error] [Flutter]                   ^
lib/src/global/global.dart:7:1: Context: Found this candidate, but the arguments don't match.
showSnackBar(var message, Color color, Color? textColor,SnackB) {
^^^^^^^^^^^^
[2:31:41 AM] [FlutterRun] [Error] [Flutter] lib/src/pages/home/teacher/home/components/allQuiz/controller/draft_quiz_controller.dart:70:19: Error: Too few positional arguments: 4 required, 3 given.
[2:31:41 AM] [FlutterRun] [Error] [Flutter]       showSnackBar(res["message"], redColor, whiteColor);
                  ^
lib/src/global/global.dart:7:1: Context: Found this candidate, but the arguments don't match.
showSnackBar(var message, Color color, Color? textColor,SnackB) {
^^^^^^^^^^^^
[2:31:41 AM] [FlutterRun] [Error] [Flutter] lib/src/pages/home/teacher/home/components/allQuiz/controller/draft_quiz_controller.dart:85:19: Error: Too few positional arguments: 4 required, 3 given.
      showSnackBar(e.toString(), redColor, whiteColor);
[2:31:41 AM] [FlutterRun] [Error] [Flutter]                   ^
lib/src/global/global.dart:7:1: Context: Found this candidate, but the arguments don't match.
[2:31:41 AM] [FlutterRun] [Error] [Flutter] showSnackBar(var message, Color color, Color? textColor,SnackB) {
^^^^^^^^^^^^
[2:31:41 AM] [FlutterRun] [Error] [Flutter] lib/src/pages/home/teacher/home/components/allQuiz/controller/draft_quiz_controller.dart:99:19: Error: Too few positional arguments: 4 required, 3 given.
[2:31:41 AM] [FlutterRun] [Error] [Flutter]       showSnackBar('Deleted :)', redColor, whiteColor);
                  ^
lib/src/global/global.dart:7:1: Context: Found this candidate, but the arguments don't match.
showSnackBar(var message, Color color, Color? textColor,SnackB) {
[2:31:41 AM] [FlutterRun] [Error] [Flutter] ^^^^^^^^^^^^
lib/src/pages/home/teacher/home/components/allQuiz/controller/draft_quiz_controller.dart:104:19: Error: Too few positional arguments: 4 required, 3 given.
      showSnackBar(e.toString(), redColor, whiteColor);
[2:31:41 AM] [FlutterRun] [Error] [Flutter]                   ^
lib/src/global/global.dart:7:1: Context: Found this candidate, but the arguments don't match.
showSnackBar(var message, Color color, Color? textColor,SnackB) {
^^^^^^^^^^^^
[2:31:41 AM] [FlutterRun] [Error] [Flutter] lib/src/pages/home/teacher/home/components/allQuiz/controller/live_quiz_controller.dart:60:19: Error: Too few positional arguments: 4 required, 3 given.
[2:31:41 AM] [FlutterRun] [Error] [Flutter]       showSnackBar(e.toString(), redColor, whiteColor);
                  ^
lib/src/global/global.dart:7:1: Context: Found this candidate, but the arguments don't match.
showSnackBar(var message, Color color, Color? textColor,SnackB) {
^^^^^^^^^^^^
[2:31:41 AM] [FlutterRun] [Error] [Flutter] lib/src/pages/home/teacher/home/components/allQuiz/controller/live_quiz_controller.dart:69:19: Error: Too few positional arguments: 4 required, 3 given.
      showSnackBar(res["message"].toString(), greenColor, whiteColor);
[2:31:41 AM] [FlutterRun] [Error] [Flutter]                   ^
lib/src/global/global.dart:7:1: Context: Found this candidate, but the arguments don't match.
showSnackBar(var message, Color color, Color? textColor,SnackB) {
^^^^^^^^^^^^
[2:31:41 AM] [FlutterRun] [Error] [Flutter] lib/src/pages/home/teacher/home/components/allQuiz/controller/live_quiz_controller.dart:72:19: Error: Too few positional arguments: 4 required, 3 given.
      showSnackBar(res["message"], redColor, whiteColor);
                  ^
lib/src/global/global.dart:7:1: Context: Found this candidate, but the arguments don't match.
showSnackBar(var message, Color color, Color? textColor,SnackB) {
^^^^^^^^^^^^
[2:31:41 AM] [FlutterRun] [Error] [Flutter] lib/src/pages/home/teacher/home/components/allQuiz/controller/live_quiz_controller.dart:98:19: Error: Too few positional arguments: 4 required, 3 given.
      showSnackBar(e.toString(), redColor, whiteColor);
                  ^
lib/src/global/global.dart:7:1: Context: Found this candidate, but the arguments don't match.
showSnackBar(var message, Color color, Color? textColor,SnackB) {
^^^^^^^^^^^^
[2:31:41 AM] [FlutterRun] [Error] [Flutter] lib/src/pages/home/teacher/home/components/allQuiz/design/controller/completed_controller.dart:46:19: Error: Too few positional arguments: 4 required, 3 given.
[2:31:41 AM] [FlutterRun] [Error] [Flutter]       showSnackBar(e.toString(), redColor, whiteColor);
                  ^
lib/src/global/global.dart:7:1: Context: Found this candidate, but the arguments don't match.
showSnackBar(var message, Color color, Color? textColor,SnackB) {
^^^^^^^^^^^^
[2:31:41 AM] [FlutterRun] [Error] [Flutter] lib/src/pages/home/teacher/home/components/allQuiz/design/controller/expanded_quiz_ontap_controller.dart:49:19: Error: Too few positional arguments: 4 required, 3 given.
[2:31:41 AM] [FlutterRun] [Error] [Flutter]       showSnackBar(e.toString(), redColor, whiteColor);
                  ^
lib/src/global/global.dart:7:1: Context: Found this candidate, but the arguments don't match.
showSnackBar(var message, Color color, Color? textColor,SnackB) {
^^^^^^^^^^^^
[2:31:41 AM] [FlutterRun] [Error] [Flutter] lib/src/pages/home/teacher/home/components/create/controller/create_quiz_controller.dart:262:25: Error: Too few positional arguments: 4 required, 3 given.
[2:31:41 AM] [FlutterRun] [Error] [Flutter]             showSnackBar(
                        ^
lib/src/global/global.dart:7:1: Context: Found this candidate, but the arguments don't match.
showSnackBar(var message, Color color, Color? textColor,SnackB) {
^^^^^^^^^^^^
lib/src/pages/home/teacher/home/components/create/controller/create_quiz_controller.dart:270:23: Error: Too few positional arguments: 4 required, 3 given.
          showSnackBar(
[2:31:41 AM] [FlutterRun] [Error] [Flutter]                       ^
lib/src/global/global.dart:7:1: Context: Found this candidate, but the arguments don't match.
showSnackBar(var message, Color color, Color? textColor,SnackB) {
^^^^^^^^^^^^
lib/src/pages/home/teacher/home/components/create/controller/create_quiz_controller.dart:280:21: Error: Too few positional arguments: 4 required, 3 given.
        showSnackBar(e.toString(), redColor, whiteColor);
                    ^
lib/src/global/global.dart:7:1: Context: Found this candidate, but the arguments don't match.
showSnackBar(var message, Color color, Color? textColor,SnackB) {
^^^^^^^^^^^^
[2:31:41 AM] [FlutterRun] [Error] [Flutter] lib/src/pages/home/teacher/home/components/create/controller/create_quiz_controller.dart:332:21: Error: Too few positional arguments: 4 required, 3 given.
        showSnackBar('Your session expired :)', greenColor, whiteColor);
                    ^
lib/src/global/global.dart:7:1: Context: Found this candidate, but the arguments don't match.
showSnackBar(var message, Color color, Color? textColor,SnackB) {
^^^^^^^^^^^^
[2:31:41 AM] [FlutterRun] [Error] [Flutter] lib/src/pages/home/teacher/home/components/create/controller/create_quiz_controller.dart:358:21: Error: Too few positional arguments: 4 required, 3 given.
        showSnackBar(myjson["message"], redColor, whiteColor);
[2:31:41 AM] [FlutterRun] [Error] [Flutter]                     ^
lib/src/global/global.dart:7:1: Context: Found this candidate, but the arguments don't match.
showSnackBar(var message, Color color, Color? textColor,SnackB) {
^^^^^^^^^^^^
lib/src/pages/home/teacher/home/components/create/controller/create_quiz_controller.dart:366:19: Error: Too few positional arguments: 4 required, 3 given.
      showSnackBar(e.toString(), redColor, whiteColor);
                  ^
lib/src/global/global.dart:7:1: Context: Found this candidate, but the arguments don't match.
[2:31:41 AM] [FlutterRun] [Error] [Flutter] showSnackBar(var message, Color color, Color? textColor,SnackB) {
^^^^^^^^^^^^
[2:31:41 AM] [FlutterRun] [Error] [Flutter] lib/src/pages/home/teacher/home/components/quiz_add/controller/quiz_view_screen_controller.dart:59:23: Error: Too few positional arguments: 4 required, 3 given.
          showSnackBar('Deleted Sucesfully :)', greenColor, whiteColor);
[2:31:41 AM] [FlutterRun] [Error] [Flutter]                       ^
lib/src/global/global.dart:7:1: Context: Found this candidate, but the arguments don't match.
showSnackBar(var message, Color color, Color? textColor,SnackB) {
^^^^^^^^^^^^
lib/src/pages/home/teacher/home/components/quiz_add/controller/quiz_view_screen_controller.dart:64:23: Error: Too few positional arguments: 4 required, 3 given.
          showSnackBar('Network Error :)', redColor, whiteColor);
[2:31:41 AM] [FlutterRun] [Error] [Flutter]                       ^
lib/src/global/global.dart:7:1: Context: Found this candidate, but the arguments don't match.
showSnackBar(var message, Color color, Color? textColor,SnackB) {
^^^^^^^^^^^^
lib/src/pages/home/teacher/home/components/quiz_add/controller/quiz_view_screen_controller.dart:70:21: Error: Too few positional arguments: 4 required, 3 given.
        showSnackBar('Network Error :)', redColor, whiteColor);
                    ^
lib/src/global/global.dart:7:1: Context: Found this candidate, but the arguments don't match.
showSnackBar(var message, Color color, Color? textColor,SnackB) {
^^^^^^^^^^^^
[2:31:41 AM] [FlutterRun] [Error] [Flutter] lib/src/pages/home/teacher/profile/controller/teacher_profile_controller.dart:71:19: Error: Too few positional arguments: 4 required, 3 given.
[2:31:41 AM] [FlutterRun] [Error] [Flutter]       showSnackBar(decoded["message"], redColor, whiteColor);
                  ^
lib/src/global/global.dart:7:1: Context: Found this candidate, but the arguments don't match.
showSnackBar(var message, Color color, Color? textColor,SnackB) {
^^^^^^^^^^^^
[2:31:41 AM] [FlutterRun] [Error] [Flutter] lib/src/pages/home/student/drawer/components/profile/controller/student_profile_controller.dart:33:19: Error: Too few positional arguments: 4 required, 3 given.
[2:31:41 AM] [FlutterRun] [Error] [Flutter]       showSnackBar(
                  ^
lib/src/global/global.dart:7:1: Context: Found this candidate, but the arguments don't match.
showSnackBar(var message, Color color, Color? textColor,SnackB) {
^^^^^^^^^^^^
[2:31:45 AM] [FlutterRun] [Error] [Flutter] lib/src/pages/home/teacher/home/components/create/create_quiz.dart:253:47: Error: Too few positional arguments: 4 required, 3 given.
                                  showSnackBar('Please select duration',
[2:31:45 AM] [FlutterRun] [Error] [Flutter]                                               ^
lib/src/global/global.dart:7:1: Context: Found this candidate, but the arguments don't match.
showSnackBar(var message, Color color, Color? textColor,SnackBarS) {
^^^^^^^^^^^^
[2:31:45 AM] [FlutterRun] [Error] [Flutter] lib/src/pages/auth/controller/common_auth_login_controller.dart:65:39: Error: Too few positional arguments: 4 required, 3 given.
                          showSnackBar(
[2:31:45 AM] [FlutterRun] [Error] [Flutter]                                       ^
lib/src/global/global.dart:7:1: Context: Found this candidate, but the arguments don't match.
showSnackBar(var message, Color color, Color? textColor,SnackBarS) {
^^^^^^^^^^^^
[2:31:45 AM] [FlutterRun] [Error] [Flutter] lib/src/pages/auth/controller/common_auth_login_controller.dart:144:17: Error: Too few positional arguments: 4 required, 3 given.
[2:31:45 AM] [FlutterRun] [Error] [Flutter]     showSnackBar("Sucessfully logged In", Colors.green, Colors.white);
                ^
lib/src/global/global.dart:7:1: Context: Found this candidate, but the arguments don't match.
showSnackBar(var message, Color color, Color? textColor,SnackBarS) {
^^^^^^^^^^^^
[2:31:45 AM] [FlutterRun] [Error] [Flutter] lib/src/pages/auth/controller/common_auth_login_controller.dart:166:21: Error: Too few positional arguments: 4 required, 3 given.
[2:31:45 AM] [FlutterRun] [Error] [Flutter]         showSnackBar("Sucessfully logged In", Colors.green, Colors.white);
                    ^
lib/src/global/global.dart:7:1: Context: Found this candidate, but the arguments don't match.
showSnackBar(var message, Color color, Color? textColor,SnackBarS) {
[2:31:45 AM] [FlutterRun] [Error] [Flutter] ^^^^^^^^^^^^
lib/src/pages/auth/controller/common_auth_login_controller.dart:176:21: Error: Too few positional arguments: 4 required, 3 given.
        showSnackBar(res["message"], Colors.red, Colors.white);
[2:31:45 AM] [FlutterRun] [Error] [Flutter]                     ^
lib/src/global/global.dart:7:1: Context: Found this candidate, but the arguments don't match.
showSnackBar(var message, Color color, Color? textColor,SnackBarS) {
^^^^^^^^^^^^
[2:31:45 AM] [FlutterRun] [Error] [Flutter] lib/src/pages/auth/controller/common_auth_login_controller.dart:180:19: Error: Too few positional arguments: 4 required, 3 given.
      showSnackBar("Please signup then login", Colors.red, Colors.white);
                  ^
lib/src/global/global.dart:7:1: Context: Found this candidate, but the arguments don't match.
showSnackBar(var message, Color color, Color? textColor,SnackBarS) {
[2:31:45 AM] [FlutterRun] [Error] [Flutter] ^^^^^^^^^^^^
[2:31:45 AM] [FlutterRun] [Error] [Flutter] lib/src/pages/auth/controller/common_auth_login_controller.dart:197:19: Error: Too few positional arguments: 4 required, 3 given.
[2:31:45 AM] [FlutterRun] [Error] [Flutter]       showSnackBar(res["message"], Colors.red, Colors.white);
                  ^
lib/src/global/global.dart:7:1: Context: Found this candidate, but the arguments don't match.
showSnackBar(var message, Color color, Color? textColor,SnackBarS) {
[2:31:45 AM] [FlutterRun] [Error] [Flutter] ^^^^^^^^^^^^
[2:31:45 AM] [FlutterRun] [Error] [Flutter] lib/src/pages/auth/controller/common_auth_login_controller.dart:210:21: Error: Too few positional arguments: 4 required, 3 given.
[2:31:45 AM] [FlutterRun] [Error] [Flutter]         showSnackBar(e.toString(), Colors.red, Colors.white);
                    ^
lib/src/global/global.dart:7:1: Context: Found this candidate, but the arguments don't match.
showSnackBar(var message, Color color, Color? textColor,SnackBarS) {
^^^^^^^^^^^^
[2:31:45 AM] [FlutterRun] [Error] [Flutter] lib/src/pages/auth/controller/common_auth_register_controller.dart:81:21: Error: Too few positional arguments: 4 required, 3 given.
[2:31:45 AM] [FlutterRun] [Error] [Flutter]         showSnackBar(
                    ^
lib/src/global/global.dart:7:1: Context: Found this candidate, but the arguments don't match.
showSnackBar(var message, Color color, Color? textColor,SnackBarS) {
^^^^^^^^^^^^
lib/src/pages/auth/controller/common_auth_register_controller.dart:90:21: Error: Too few positional arguments: 4 required, 3 given.
        showSnackBar(
                    ^
[2:31:45 AM] [FlutterRun] [Error] [Flutter] lib/src/global/global.dart:7:1: Context: Found this candidate, but the arguments don't match.
showSnackBar(var message, Color color, Color? textColor,SnackBarS) {
^^^^^^^^^^^^
lib/src/pages/auth/controller/common_auth_register_controller.dart:97:21: Error: Too few positional arguments: 4 required, 3 given.
        showSnackBar(res["message"], Colors.red, Colors.white);
                    ^
lib/src/global/global.dart:7:1: Context: Found this candidate, but the arguments don't match.
showSnackBar(var message, Color color, Color? textColor,SnackBarS) {
^^^^^^^^^^^^
[2:31:45 AM] [FlutterRun] [Error] [Flutter] lib/src/pages/auth/controller/common_auth_register_controller.dart:120:19: Error: Too few positional arguments: 4 required, 3 given.
      showSnackBar(e.toString(), Colors.red, Colors.white);
                  ^
lib/src/global/global.dart:7:1: Context: Found this candidate, but the arguments don't match.
showSnackBar(var message, Color color, Color? textColor,SnackBarS) {
^^^^^^^^^^^^
[2:31:45 AM] [FlutterRun] [Error] [Flutter] lib/src/pages/auth/controller/common_auth_register_controller.dart:189:21: Error: Too few positional arguments: 4 required, 3 given.
[2:31:45 AM] [FlutterRun] [Error] [Flutter]         showSnackBar(
                    ^
lib/src/global/global.dart:7:1: Context: Found this candidate, but the arguments don't match.
showSnackBar(var message, Color color, Color? textColor,SnackBarS) {
[2:31:45 AM] [FlutterRun] [Error] [Flutter] ^^^^^^^^^^^^
lib/src/pages/auth/controller/common_auth_register_controller.dart:194:21: Error: Too few positional arguments: 4 required, 3 given.
        showSnackBar(jsonBody["message"], Colors.red, Colors.white);
                    ^
lib/src/global/global.dart:7:1: Context: Found this candidate, but the arguments don't match.
[2:31:45 AM] [FlutterRun] [Error] [Flutter] showSnackBar(var message, Color color, Color? textColor,SnackBarS) {
^^^^^^^^^^^^
lib/src/pages/auth/controller/common_auth_register_controller.dart:198:19: Error: Too few positional arguments: 4 required, 3 given.
      showSnackBar(e.toString(), Colors.red, Colors.white);
                  ^
[2:31:45 AM] [FlutterRun] [Error] [Flutter] lib/src/global/global.dart:7:1: Context: Found this candidate, but the arguments don't match.
showSnackBar(var message, Color color, Color? textColor,SnackBarS) {
^^^^^^^^^^^^
[2:31:45 AM] [FlutterRun] [Error] [Flutter] lib/src/pages/home/student/home/components/joinQuiz/components/controller/join_quiz_session_controller.dart:57:21: Error: Too few positional arguments: 4 required, 3 given.
[2:31:45 AM] [FlutterRun] [Error] [Flutter]         showSnackBar('Quiz is Completed', greenColor, whiteColor);
                    ^
lib/src/global/global.dart:7:1: Context: Found this candidate, but the arguments don't match.
showSnackBar(var message, Color color, Color? textColor,SnackBarS) {
^^^^^^^^^^^^
[2:31:45 AM] [FlutterRun] [Error] [Flutter] lib/src/pages/home/student/home/components/joinQuiz/components/controller/option_controller.dart:50:19: Error: Too few positional arguments: 4 required, 3 given.
[2:31:45 AM] [FlutterRun] [Error] [Flutter]       showSnackBar(e, redColor, whiteColor);
                  ^
lib/src/global/global.dart:7:1: Context: Found this candidate, but the arguments don't match.
showSnackBar(var message, Color color, Color? textColor,SnackBarS) {
^^^^^^^^^^^^
[2:31:45 AM] [FlutterRun] [Error] [Flutter] lib/src/pages/home/student/home/components/joinQuiz/components/controller/option_controller.dart:62:17: Error: Too few positional arguments: 4 required, 3 given.
[2:31:45 AM] [FlutterRun] [Error] [Flutter]     showSnackBar(decode["message"], greenColor, whiteColor);
                ^
lib/src/global/global.dart:7:1: Context: Found this candidate, but the arguments don't match.
showSnackBar(var message, Color color, Color? textColor,SnackBarS) {
^^^^^^^^^^^^
[2:31:45 AM] [FlutterRun] [Error] [Flutter] lib/src/pages/home/student/home/components/joinQuiz/components/join_quiz_controller.dart:47:19: Error: Too few positional arguments: 4 required, 3 given.
[2:31:45 AM] [FlutterRun] [Error] [Flutter]       showSnackBar('QuizID cannot be empty', redColor, whiteColor);
                  ^
lib/src/global/global.dart:7:1: Context: Found this candidate, but the arguments don't match.
showSnackBar(var message, Color color, Color? textColor,SnackBarS) {
^^^^^^^^^^^^
[2:31:45 AM] [FlutterRun] [Error] [Flutter] lib/src/pages/home/student/home/components/joinQuiz/components/join_quiz_controller.dart:71:21: Error: Too few positional arguments: 4 required, 3 given.
[2:31:45 AM] [FlutterRun] [Error] [Flutter]         showSnackBar(decode["message"], redColor, whiteColor);
                    ^
lib/src/global/global.dart:7:1: Context: Found this candidate, but the arguments don't match.
[2:31:45 AM] [FlutterRun] [Error] [Flutter] showSnackBar(var message, Color color, Color? textColor,SnackBarS) {
^^^^^^^^^^^^
lib/src/pages/home/student/home/components/joinQuiz/components/join_quiz_controller.dart:86:21: Error: Too few positional arguments: 4 required, 3 given.
[2:31:45 AM] [FlutterRun] [Error] [Flutter]         showSnackBar('Quiz is completed ', redColor, whiteColor);
                    ^
lib/src/global/global.dart:7:1: Context: Found this candidate, but the arguments don't match.
showSnackBar(var message, Color color, Color? textColor,SnackBarS) {
^^^^^^^^^^^^
lib/src/pages/home/student/home/components/joinQuiz/components/join_quiz_controller.dart:90:21: Error: Too few positional arguments: 4 required, 3 given.
        showSnackBar('Sessio Expired :)', greenColor, whiteColor);
                    ^
lib/src/global/global.dart:7:1: Context: Found this candidate, but the arguments don't match.
showSnackBar(var message, Color color, Color? textColor,SnackBarS) {
[2:31:45 AM] [FlutterRun] [Error] [Flutter] ^^^^^^^^^^^^
lib/src/pages/home/student/home/components/joinQuiz/components/join_quiz_controller.dart:94:19: Error: Too few positional arguments: 4 required, 3 given.
      showSnackBar(e.toString(), redColor, whiteColor);
                  ^
lib/src/global/global.dart:7:1: Context: Found this candidate, but the arguments don't match.
showSnackBar(var message, Color color, Color? textColor,SnackBarS) {
^^^^^^^^^^^^
[2:31:45 AM] [FlutterRun] [Error] [Flutter] lib/src/pages/home/teacher/home/components/quiz_add/controller/quiz_addition_controller.dart:42:19: Error: Too few positional arguments: 4 required, 3 given.
[2:31:45 AM] [FlutterRun] [Error] [Flutter]       showSnackBar(
                  ^
lib/src/global/global.dart:7:1: Context: Found this candidate, but the arguments don't match.
showSnackBar(var message, Color color, Color? textColor,SnackBarS) {
^^^^^^^^^^^^
[2:31:45 AM] [FlutterRun] [Error] [Flutter] lib/src/pages/home/teacher/home/components/quiz_add/controller/quiz_addition_controller.dart:104:19: Error: Too few positional arguments: 4 required, 3 given.
[2:31:45 AM] [FlutterRun] [Error] [Flutter]       showSnackBar('Question Added sucessfully', greenColor, whiteColor);
                  ^
lib/src/global/global.dart:7:1: Context: Found this candidate, but the arguments don't match.
showSnackBar(var message, Color color, Color? textColor,SnackBarS) {
^^^^^^^^^^^^
[2:31:45 AM] [FlutterRun] [Error] [Flutter] lib/src/pages/home/teacher/home/components/quiz_add/controller/quiz_addition_controller.dart:108:21: Error: Too few positional arguments: 4 required, 3 given.
[2:31:45 AM] [FlutterRun] [Error] [Flutter]         showSnackBar('Your quiz is ready go to all quiz for actions',
                    ^
lib/src/global/global.dart:7:1: Context: Found this candidate, but the arguments don't match.
showSnackBar(var message, Color color, Color? textColor,SnackBarS) {
^^^^^^^^^^^^
[2:31:45 AM] [FlutterRun] [Error] [Flutter] lib/src/pages/home/teacher/home/components/quiz_add/controller/quiz_addition_controller.dart:118:19: Error: Too few positional arguments: 4 required, 3 given.
[2:31:45 AM] [FlutterRun] [Error] [Flutter]       showSnackBar(addedQuizJson["message"], redColor, whiteColor);
                  ^
lib/src/global/global.dart:7:1: Context: Found this candidate, but the arguments don't match.
showSnackBar(var message, Color color, Color? textColor,SnackBarS) {
[2:31:45 AM] [FlutterRun] [Error] [Flutter] ^^^^^^^^^^^^
[2:31:45 AM] [FlutterRun] [Error] [Flutter] lib/src/pages/auth/controller/otp_controller.dart:75:23: Error: Too few positional arguments: 4 required, 3 given.
[2:31:45 AM] [FlutterRun] [Error] [Flutter]           showSnackBar("Account validated Sucessfully, Please log In",
                      ^
lib/src/global/global.dart:7:1: Context: Found this candidate, but the arguments don't match.
showSnackBar(var message, Color color, Color? textColor,SnackBarS) {
^^^^^^^^^^^^
lib/src/pages/auth/controller/otp_controller.dart:81:23: Error: Too few positional arguments: 4 required, 3 given.
          showSnackBar("Account validated Sucessfully, Please log In",
                      ^
[2:31:45 AM] [FlutterRun] [Error] [Flutter] lib/src/global/global.dart:7:1: Context: Found this candidate, but the arguments don't match.
showSnackBar(var message, Color color, Color? textColor,SnackBarS) {
^^^^^^^^^^^^
lib/src/pages/auth/controller/otp_controller.dart:87:23: Error: Too few positional arguments: 4 required, 3 given.
          showSnackBar(res['message'], Colors.green, Colors.white);
                      ^
lib/src/global/global.dart:7:1: Context: Found this candidate, but the arguments don't match.
showSnackBar(var message, Color color, Color? textColor,SnackBarS) {
^^^^^^^^^^^^
lib/src/pages/auth/controller/otp_controller.dart:94:21: Error: Too few positional arguments: 4 required, 3 given.
[2:31:45 AM] [FlutterRun] [Error] [Flutter]         showSnackBar(res['message'], Colors.red, Colors.white);
                    ^
lib/src/global/global.dart:7:1: Context: Found this candidate, but the arguments don't match.
showSnackBar(var message, Color color, Color? textColor,SnackBarS) {
^^^^^^^^^^^^
lib/src/pages/auth/controller/otp_controller.dart:100:19: Error: Too few positional arguments: 4 required, 3 given.
      showSnackBar(e.toString(), Colors.red, Colors.white);
                  ^
lib/src/global/global.dart:7:1: Context: Found this candidate, but the arguments don't match.
showSnackBar(var message, Color color, Color? textColor,SnackBarS) {
^^^^^^^^^^^^
[2:31:45 AM] [FlutterRun] [Error] [Flutter] lib/src/pages/home/student/home/components/joinQuiz/components/controller/detailed_view_controller.dart:28:19: Error: Too few positional arguments: 4 required, 3 given.
[2:31:45 AM] [FlutterRun] [Error] [Flutter]       showSnackBar(e.toString(), redColor, whiteColor);
                  ^
lib/src/global/global.dart:7:1: Context: Found this candidate, but the arguments don't match.
[2:31:45 AM] [FlutterRun] [Error] [Flutter] showSnackBar(var message, Color color, Color? textColor,SnackBarS) {
^^^^^^^^^^^^
[2:31:45 AM] [FlutterRun] [Error] [Flutter] lib/src/pages/home/student/home/components/joinQuiz/components/controller/detailed_view_controller.dart:47:19: Error: Too few positional arguments: 4 required, 3 given.
[2:31:45 AM] [FlutterRun] [Error] [Flutter]       showSnackBar(decode["message"], redColor, whiteColor);
                  ^
lib/src/global/global.dart:7:1: Context: Found this candidate, but the arguments don't match.
showSnackBar(var message, Color color, Color? textColor,SnackBarS) {
^^^^^^^^^^^^
[2:31:45 AM] [FlutterRun] [Error] [Flutter] lib/src/pages/home/student/home/components/joinQuiz/components/controller/detailed_view_controller.dart:56:21: Error: Too few positional arguments: 4 required, 3 given.
        showSnackBar(decode["message"], redColor, whiteColor);
                    ^
lib/src/global/global.dart:7:1: Context: Found this candidate, but the arguments don't match.
showSnackBar(var message, Color color, Color? textColor,SnackBarS) {
^^^^^^^^^^^^
lib/src/pages/home/student/home/components/joinQuiz/components/controller/detailed_view_controller.dart:59:21: Error: Too few positional arguments: 4 required, 3 given.
        showSnackBar(decode["message"], redColor, whiteColor);
[2:31:45 AM] [FlutterRun] [Error] [Flutter]                     ^
lib/src/global/global.dart:7:1: Context: Found this candidate, but the arguments don't match.
showSnackBar(var message, Color color, Color? textColor,SnackBarS) {
^^^^^^^^^^^^
[2:31:45 AM] [FlutterRun] [Error] [Flutter] lib/src/pages/home/teacher/home/components/allQuiz/controller/draft_quiz_controller.dart:49:19: Error: Too few positional arguments: 4 required, 3 given.
[2:31:45 AM] [FlutterRun] [Error] [Flutter]       showSnackBar(e.toString(), redColor, whiteColor);
                  ^
lib/src/global/global.dart:7:1: Context: Found this candidate, but the arguments don't match.
showSnackBar(var message, Color color, Color? textColor,SnackBarS) {
^^^^^^^^^^^^
[2:31:45 AM] [FlutterRun] [Error] [Flutter] lib/src/pages/home/teacher/home/components/allQuiz/controller/draft_quiz_controller.dart:70:19: Error: Too few positional arguments: 4 required, 3 given.
[2:31:45 AM] [FlutterRun] [Error] [Flutter]       showSnackBar(res["message"], redColor, whiteColor);
                  ^
lib/src/global/global.dart:7:1: Context: Found this candidate, but the arguments don't match.
showSnackBar(var message, Color color, Color? textColor,SnackBarS) {
^^^^^^^^^^^^
[2:31:45 AM] [FlutterRun] [Error] [Flutter] lib/src/pages/home/teacher/home/components/allQuiz/controller/draft_quiz_controller.dart:85:19: Error: Too few positional arguments: 4 required, 3 given.
[2:31:45 AM] [FlutterRun] [Error] [Flutter]       showSnackBar(e.toString(), redColor, whiteColor);
                  ^
lib/src/global/global.dart:7:1: Context: Found this candidate, but the arguments don't match.
showSnackBar(var message, Color color, Color? textColor,SnackBarS) {
[2:31:45 AM] [FlutterRun] [Error] [Flutter] ^^^^^^^^^^^^
[2:31:45 AM] [FlutterRun] [Error] [Flutter] lib/src/pages/home/teacher/home/components/allQuiz/controller/draft_quiz_controller.dart:99:19: Error: Too few positional arguments: 4 required, 3 given.
[2:31:45 AM] [FlutterRun] [Error] [Flutter]       showSnackBar('Deleted :)', redColor, whiteColor);
                  ^
lib/src/global/global.dart:7:1: Context: Found this candidate, but the arguments don't match.
showSnackBar(var message, Color color, Color? textColor,SnackBarS) {
[2:31:45 AM] [FlutterRun] [Error] [Flutter] ^^^^^^^^^^^^
lib/src/pages/home/teacher/home/components/allQuiz/controller/draft_quiz_controller.dart:104:19: Error: Too few positional arguments: 4 required, 3 given.
      showSnackBar(e.toString(), redColor, whiteColor);
[2:31:45 AM] [FlutterRun] [Error] [Flutter]                   ^
lib/src/global/global.dart:7:1: Context: Found this candidate, but the arguments don't match.
showSnackBar(var message, Color color, Color? textColor,SnackBarS) {
^^^^^^^^^^^^
[2:31:45 AM] [FlutterRun] [Error] [Flutter] lib/src/pages/home/teacher/home/components/allQuiz/controller/live_quiz_controller.dart:60:19: Error: Too few positional arguments: 4 required, 3 given.
[2:31:45 AM] [FlutterRun] [Error] [Flutter]       showSnackBar(e.toString(), redColor, whiteColor);
                  ^
lib/src/global/global.dart:7:1: Context: Found this candidate, but the arguments don't match.
showSnackBar(var message, Color color, Color? textColor,SnackBarS) {
^^^^^^^^^^^^
[2:31:45 AM] [FlutterRun] [Error] [Flutter] lib/src/pages/home/teacher/home/components/allQuiz/controller/live_quiz_controller.dart:69:19: Error: Too few positional arguments: 4 required, 3 given.
[2:31:45 AM] [FlutterRun] [Error] [Flutter]       showSnackBar(res["message"].toString(), greenColor, whiteColor);
                  ^
lib/src/global/global.dart:7:1: Context: Found this candidate, but the arguments don't match.
showSnackBar(var message, Color color, Color? textColor,SnackBarS) {
^^^^^^^^^^^^
lib/src/pages/home/teacher/home/components/allQuiz/controller/live_quiz_controller.dart:72:19: Error: Too few positional arguments: 4 required, 3 given.
      showSnackBar(res["message"], redColor, whiteColor);
[2:31:45 AM] [FlutterRun] [Error] [Flutter]                   ^
lib/src/global/global.dart:7:1: Context: Found this candidate, but the arguments don't match.
showSnackBar(var message, Color color, Color? textColor,SnackBarS) {
^^^^^^^^^^^^
[2:31:45 AM] [FlutterRun] [Error] [Flutter] lib/src/pages/home/teacher/home/components/allQuiz/controller/live_quiz_controller.dart:98:19: Error: Too few positional arguments: 4 required, 3 given.
[2:31:45 AM] [FlutterRun] [Error] [Flutter]       showSnackBar(e.toString(), redColor, whiteColor);
                  ^
lib/src/global/global.dart:7:1: Context: Found this candidate, but the arguments don't match.
showSnackBar(var message, Color color, Color? textColor,SnackBarS) {
^^^^^^^^^^^^
[2:31:45 AM] [FlutterRun] [Error] [Flutter] lib/src/pages/home/teacher/home/components/allQuiz/design/controller/completed_controller.dart:46:19: Error: Too few positional arguments: 4 required, 3 given.
[2:31:45 AM] [FlutterRun] [Error] [Flutter]       showSnackBar(e.toString(), redColor, whiteColor);
                  ^
lib/src/global/global.dart:7:1: Context: Found this candidate, but the arguments don't match.
showSnackBar(var message, Color color, Color? textColor,SnackBarS) {
^^^^^^^^^^^^
[2:31:45 AM] [FlutterRun] [Error] [Flutter] lib/src/pages/home/teacher/home/components/allQuiz/design/controller/expanded_quiz_ontap_controller.dart:49:19: Error: Too few positional arguments: 4 required, 3 given.
[2:31:45 AM] [FlutterRun] [Error] [Flutter]       showSnackBar(e.toString(), redColor, whiteColor);
                  ^
lib/src/global/global.dart:7:1: Context: Found this candidate, but the arguments don't match.
showSnackBar(var message, Color color, Color? textColor,SnackBarS) {
^^^^^^^^^^^^
[2:31:45 AM] [FlutterRun] [Error] [Flutter] lib/src/pages/home/teacher/home/components/create/controller/create_quiz_controller.dart:262:25: Error: Too few positional arguments: 4 required, 3 given.
[2:31:45 AM] [FlutterRun] [Error] [Flutter]             showSnackBar(
                        ^
lib/src/global/global.dart:7:1: Context: Found this candidate, but the arguments don't match.
showSnackBar(var message, Color color, Color? textColor,SnackBarS) {
^^^^^^^^^^^^
lib/src/pages/home/teacher/home/components/create/controller/create_quiz_controller.dart:270:23: Error: Too few positional arguments: 4 required, 3 given.
          showSnackBar(
                      ^
lib/src/global/global.dart:7:1: Context: Found this candidate, but the arguments don't match.
[2:31:45 AM] [FlutterRun] [Error] [Flutter] showSnackBar(var message, Color color, Color? textColor,SnackBarS) {
^^^^^^^^^^^^
lib/src/pages/home/teacher/home/components/create/controller/create_quiz_controller.dart:280:21: Error: Too few positional arguments: 4 required, 3 given.
        showSnackBar(e.toString(), redColor, whiteColor);
                    ^
lib/src/global/global.dart:7:1: Context: Found this candidate, but the arguments don't match.
showSnackBar(var message, Color color, Color? textColor,SnackBarS) {
^^^^^^^^^^^^
[2:31:45 AM] [FlutterRun] [Error] [Flutter] lib/src/pages/home/teacher/home/components/create/controller/create_quiz_controller.dart:332:21: Error: Too few positional arguments: 4 required, 3 given.
[2:31:45 AM] [FlutterRun] [Error] [Flutter]         showSnackBar('Your session expired :)', greenColor, whiteColor);
                    ^
lib/src/global/global.dart:7:1: Context: Found this candidate, but the arguments don't match.
showSnackBar(var message, Color color, Color? textColor,SnackBarS) {
^^^^^^^^^^^^
[2:31:45 AM] [FlutterRun] [Error] [Flutter] lib/src/pages/home/teacher/home/components/create/controller/create_quiz_controller.dart:358:21: Error: Too few positional arguments: 4 required, 3 given.
        showSnackBar(myjson["message"], redColor, whiteColor);
                    ^
lib/src/global/global.dart:7:1: Context: Found this candidate, but the arguments don't match.
showSnackBar(var message, Color color, Color? textColor,SnackBarS) {
^^^^^^^^^^^^
lib/src/pages/home/teacher/home/components/create/controller/create_quiz_controller.dart:366:19: Error: Too few positional arguments: 4 required, 3 given.
      showSnackBar(e.toString(), redColor, whiteColor);
                  ^
[2:31:45 AM] [FlutterRun] [Error] [Flutter] lib/src/global/global.dart:7:1: Context: Found this candidate, but the arguments don't match.
showSnackBar(var message, Color color, Color? textColor,SnackBarS) {
^^^^^^^^^^^^
[2:31:45 AM] [FlutterRun] [Error] [Flutter] lib/src/pages/home/teacher/home/components/quiz_add/controller/quiz_view_screen_controller.dart:59:23: Error: Too few positional arguments: 4 required, 3 given.
[2:31:45 AM] [FlutterRun] [Error] [Flutter]           showSnackBar('Deleted Sucesfully :)', greenColor, whiteColor);
                      ^
lib/src/global/global.dart:7:1: Context: Found this candidate, but the arguments don't match.
showSnackBar(var message, Color color, Color? textColor,SnackBarS) {
[2:31:45 AM] [FlutterRun] [Error] [Flutter] ^^^^^^^^^^^^
lib/src/pages/home/teacher/home/components/quiz_add/controller/quiz_view_screen_controller.dart:64:23: Error: Too few positional arguments: 4 required, 3 given.
          showSnackBar('Network Error :)', redColor, whiteColor);
[2:31:45 AM] [FlutterRun] [Error] [Flutter]                       ^
lib/src/global/global.dart:7:1: Context: Found this candidate, but the arguments don't match.
showSnackBar(var message, Color color, Color? textColor,SnackBarS) {
[2:31:45 AM] [FlutterRun] [Error] [Flutter] ^^^^^^^^^^^^
lib/src/pages/home/teacher/home/components/quiz_add/controller/quiz_view_screen_controller.dart:70:21: Error: Too few positional arguments: 4 required, 3 given.
        showSnackBar('Network Error :)', redColor, whiteColor);
[2:31:45 AM] [FlutterRun] [Error] [Flutter]                     ^
lib/src/global/global.dart:7:1: Context: Found this candidate, but the arguments don't match.
showSnackBar(var message, Color color, Color? textColor,SnackBarS) {
[2:31:45 AM] [FlutterRun] [Error] [Flutter] ^^^^^^^^^^^^
[2:31:45 AM] [FlutterRun] [Error] [Flutter] lib/src/pages/home/teacher/profile/controller/teacher_profile_controller.dart:71:19: Error: Too few positional arguments: 4 required, 3 given.
[2:31:45 AM] [FlutterRun] [Error] [Flutter]       showSnackBar(decoded["message"], redColor, whiteColor);
                  ^
lib/src/global/global.dart:7:1: Context: Found this candidate, but the arguments don't match.
showSnackBar(var message, Color color, Color? textColor,SnackBarS) {
^^^^^^^^^^^^
[2:31:46 AM] [FlutterRun] [Error] [Flutter] lib/src/pages/home/student/drawer/components/profile/controller/student_profile_controller.dart:33:19: Error: Too few positional arguments: 4 required, 3 given.
[2:31:46 AM] [FlutterRun] [Error] [Flutter]       showSnackBar(
                  ^
lib/src/global/global.dart:7:1: Context: Found this candidate, but the arguments don't match.
showSnackBar(var message, Color color, Color? textColor,SnackBarS) {
^^^^^^^^^^^^
[2:31:48 AM] [FlutterRun] [Error] [Flutter] lib/src/pages/home/teacher/home/components/create/create_quiz.dart:253:47: Error: Too few positional arguments: 4 required, 3 given.
[2:31:48 AM] [FlutterRun] [Error] [Flutter]                                   showSnackBar('Please select duration',
                                              ^
lib/src/global/global.dart:7:1: Context: Found this candidate, but the arguments don't match.
[2:31:48 AM] [FlutterRun] [Error] [Flutter] showSnackBar(var message, Color color, Color? textColor,SnackB) {
[2:31:48 AM] [FlutterRun] [Error] [Flutter] ^^^^^^^^^^^^
[2:31:48 AM] [FlutterRun] [Error] [Flutter] lib/src/pages/auth/controller/common_auth_login_controller.dart:65:39: Error: Too few positional arguments: 4 required, 3 given.
[2:31:48 AM] [FlutterRun] [Error] [Flutter]                           showSnackBar(
                                      ^
lib/src/global/global.dart:7:1: Context: Found this candidate, but the arguments don't match.
showSnackBar(var message, Color color, Color? textColor,SnackB) {
^^^^^^^^^^^^
[2:31:48 AM] [FlutterRun] [Error] [Flutter] lib/src/pages/auth/controller/common_auth_login_controller.dart:144:17: Error: Too few positional arguments: 4 required, 3 given.
[2:31:48 AM] [FlutterRun] [Error] [Flutter]     showSnackBar("Sucessfully logged In", Colors.green, Colors.white);
                ^
lib/src/global/global.dart:7:1: Context: Found this candidate, but the arguments don't match.
showSnackBar(var message, Color color, Color? textColor,SnackB) {
^^^^^^^^^^^^
[2:31:48 AM] [FlutterRun] [Error] [Flutter] lib/src/pages/auth/controller/common_auth_login_controller.dart:166:21: Error: Too few positional arguments: 4 required, 3 given.
        showSnackBar("Sucessfully logged In", Colors.green, Colors.white);
                    ^
lib/src/global/global.dart:7:1: Context: Found this candidate, but the arguments don't match.
[2:31:48 AM] [FlutterRun] [Error] [Flutter] showSnackBar(var message, Color color, Color? textColor,SnackB) {
^^^^^^^^^^^^
lib/src/pages/auth/controller/common_auth_login_controller.dart:176:21: Error: Too few positional arguments: 4 required, 3 given.
        showSnackBar(res["message"], Colors.red, Colors.white);
                    ^
lib/src/global/global.dart:7:1: Context: Found this candidate, but the arguments don't match.
showSnackBar(var message, Color color, Color? textColor,SnackB) {
^^^^^^^^^^^^
[2:31:48 AM] [FlutterRun] [Error] [Flutter] lib/src/pages/auth/controller/common_auth_login_controller.dart:180:19: Error: Too few positional arguments: 4 required, 3 given.
      showSnackBar("Please signup then login", Colors.red, Colors.white);
                  ^
lib/src/global/global.dart:7:1: Context: Found this candidate, but the arguments don't match.
showSnackBar(var message, Color color, Color? textColor,SnackB) {
^^^^^^^^^^^^
lib/src/pages/auth/controller/common_auth_login_controller.dart:197:19: Error: Too few positional arguments: 4 required, 3 given.
      showSnackBar(res["message"], Colors.red, Colors.white);
[2:31:48 AM] [FlutterRun] [Error] [Flutter]                   ^
lib/src/global/global.dart:7:1: Context: Found this candidate, but the arguments don't match.
showSnackBar(var message, Color color, Color? textColor,SnackB) {
^^^^^^^^^^^^
[2:31:48 AM] [FlutterRun] [Error] [Flutter] lib/src/pages/auth/controller/common_auth_login_controller.dart:210:21: Error: Too few positional arguments: 4 required, 3 given.
[2:31:48 AM] [FlutterRun] [Error] [Flutter]         showSnackBar(e.toString(), Colors.red, Colors.white);
                    ^
lib/src/global/global.dart:7:1: Context: Found this candidate, but the arguments don't match.
[2:31:48 AM] [FlutterRun] [Error] [Flutter] showSnackBar(var message, Color color, Color? textColor,SnackB) {
[2:31:48 AM] [FlutterRun] [Error] [Flutter] ^^^^^^^^^^^^
[2:31:48 AM] [FlutterRun] [Error] [Flutter] lib/src/pages/auth/controller/common_auth_register_controller.dart:81:21: Error: Too few positional arguments: 4 required, 3 given.
[2:31:48 AM] [FlutterRun] [Error] [Flutter]         showSnackBar(
                    ^
lib/src/global/global.dart:7:1: Context: Found this candidate, but the arguments don't match.
showSnackBar(var message, Color color, Color? textColor,SnackB) {
^^^^^^^^^^^^
[2:31:48 AM] [FlutterRun] [Error] [Flutter] lib/src/pages/auth/controller/common_auth_register_controller.dart:90:21: Error: Too few positional arguments: 4 required, 3 given.
        showSnackBar(
[2:31:48 AM] [FlutterRun] [Error] [Flutter]                     ^
lib/src/global/global.dart:7:1: Context: Found this candidate, but the arguments don't match.
showSnackBar(var message, Color color, Color? textColor,SnackB) {
^^^^^^^^^^^^
[2:31:48 AM] [FlutterRun] [Error] [Flutter] lib/src/pages/auth/controller/common_auth_register_controller.dart:97:21: Error: Too few positional arguments: 4 required, 3 given.
[2:31:48 AM] [FlutterRun] [Error] [Flutter]         showSnackBar(res["message"], Colors.red, Colors.white);
                    ^
lib/src/global/global.dart:7:1: Context: Found this candidate, but the arguments don't match.
showSnackBar(var message, Color color, Color? textColor,SnackB) {
[2:31:48 AM] [FlutterRun] [Error] [Flutter] ^^^^^^^^^^^^
lib/src/pages/auth/controller/common_auth_register_controller.dart:120:19: Error: Too few positional arguments: 4 required, 3 given.
      showSnackBar(e.toString(), Colors.red, Colors.white);
                  ^
[2:31:48 AM] [FlutterRun] [Error] [Flutter] lib/src/global/global.dart:7:1: Context: Found this candidate, but the arguments don't match.
showSnackBar(var message, Color color, Color? textColor,SnackB) {
^^^^^^^^^^^^
[2:31:48 AM] [FlutterRun] [Error] [Flutter] lib/src/pages/auth/controller/common_auth_register_controller.dart:189:21: Error: Too few positional arguments: 4 required, 3 given.
[2:31:48 AM] [FlutterRun] [Error] [Flutter]         showSnackBar(
                    ^
lib/src/global/global.dart:7:1: Context: Found this candidate, but the arguments don't match.
showSnackBar(var message, Color color, Color? textColor,SnackB) {
^^^^^^^^^^^^
lib/src/pages/auth/controller/common_auth_register_controller.dart:194:21: Error: Too few positional arguments: 4 required, 3 given.
[2:31:48 AM] [FlutterRun] [Error] [Flutter]         showSnackBar(jsonBody["message"], Colors.red, Colors.white);
                    ^
lib/src/global/global.dart:7:1: Context: Found this candidate, but the arguments don't match.
showSnackBar(var message, Color color, Color? textColor,SnackB) {
^^^^^^^^^^^^
[2:31:48 AM] [FlutterRun] [Error] [Flutter] lib/src/pages/auth/controller/common_auth_register_controller.dart:198:19: Error: Too few positional arguments: 4 required, 3 given.
      showSnackBar(e.toString(), Colors.red, Colors.white);
                  ^
[2:31:48 AM] [FlutterRun] [Error] [Flutter] lib/src/global/global.dart:7:1: Context: Found this candidate, but the arguments don't match.
showSnackBar(var message, Color color, Color? textColor,SnackB) {
^^^^^^^^^^^^
[2:31:48 AM] [FlutterRun] [Error] [Flutter] lib/src/pages/home/student/home/components/joinQuiz/components/controller/join_quiz_session_controller.dart:57:21: Error: Too few positional arguments: 4 required, 3 given.
[2:31:48 AM] [FlutterRun] [Error] [Flutter]         showSnackBar('Quiz is Completed', greenColor, whiteColor);
                    ^
lib/src/global/global.dart:7:1: Context: Found this candidate, but the arguments don't match.
showSnackBar(var message, Color color, Color? textColor,SnackB) {
^^^^^^^^^^^^
[2:31:48 AM] [FlutterRun] [Error] [Flutter] lib/src/pages/home/student/home/components/joinQuiz/components/controller/option_controller.dart:50:19: Error: Too few positional arguments: 4 required, 3 given.
[2:31:48 AM] [FlutterRun] [Error] [Flutter]       showSnackBar(e, redColor, whiteColor);
                  ^
lib/src/global/global.dart:7:1: Context: Found this candidate, but the arguments don't match.
showSnackBar(var message, Color color, Color? textColor,SnackB) {
^^^^^^^^^^^^
[2:31:48 AM] [FlutterRun] [Error] [Flutter] lib/src/pages/home/student/home/components/joinQuiz/components/controller/option_controller.dart:62:17: Error: Too few positional arguments: 4 required, 3 given.
[2:31:48 AM] [FlutterRun] [Error] [Flutter]     showSnackBar(decode["message"], greenColor, whiteColor);
                ^
lib/src/global/global.dart:7:1: Context: Found this candidate, but the arguments don't match.
showSnackBar(var message, Color color, Color? textColor,SnackB) {
[2:31:48 AM] [FlutterRun] [Error] [Flutter] ^^^^^^^^^^^^
[2:31:48 AM] [FlutterRun] [Error] [Flutter] lib/src/pages/home/student/home/components/joinQuiz/components/join_quiz_controller.dart:47:19: Error: Too few positional arguments: 4 required, 3 given.
[2:31:48 AM] [FlutterRun] [Error] [Flutter]       showSnackBar('QuizID cannot be empty', redColor, whiteColor);
                  ^
lib/src/global/global.dart:7:1: Context: Found this candidate, but the arguments don't match.
showSnackBar(var message, Color color, Color? textColor,SnackB) {
^^^^^^^^^^^^
[2:31:48 AM] [FlutterRun] [Error] [Flutter] lib/src/pages/home/student/home/components/joinQuiz/components/join_quiz_controller.dart:71:21: Error: Too few positional arguments: 4 required, 3 given.
[2:31:48 AM] [FlutterRun] [Error] [Flutter]         showSnackBar(decode["message"], redColor, whiteColor);
                    ^
lib/src/global/global.dart:7:1: Context: Found this candidate, but the arguments don't match.
showSnackBar(var message, Color color, Color? textColor,SnackB) {
^^^^^^^^^^^^
[2:31:48 AM] [FlutterRun] [Error] [Flutter] lib/src/pages/home/student/home/components/joinQuiz/components/join_quiz_controller.dart:86:21: Error: Too few positional arguments: 4 required, 3 given.
[2:31:48 AM] [FlutterRun] [Error] [Flutter]         showSnackBar('Quiz is completed ', redColor, whiteColor);
                    ^
lib/src/global/global.dart:7:1: Context: Found this candidate, but the arguments don't match.
showSnackBar(var message, Color color, Color? textColor,SnackB) {
^^^^^^^^^^^^
[2:31:48 AM] [FlutterRun] [Error] [Flutter] lib/src/pages/home/student/home/components/joinQuiz/components/join_quiz_controller.dart:90:21: Error: Too few positional arguments: 4 required, 3 given.
        showSnackBar('Sessio Expired :)', greenColor, whiteColor);
                    ^
[2:31:48 AM] [FlutterRun] [Error] [Flutter] lib/src/global/global.dart:7:1: Context: Found this candidate, but the arguments don't match.
showSnackBar(var message, Color color, Color? textColor,SnackB) {
^^^^^^^^^^^^
[2:31:48 AM] [FlutterRun] [Error] [Flutter] lib/src/pages/home/student/home/components/joinQuiz/components/join_quiz_controller.dart:94:19: Error: Too few positional arguments: 4 required, 3 given.
      showSnackBar(e.toString(), redColor, whiteColor);
                  ^
[2:31:48 AM] [FlutterRun] [Error] [Flutter] lib/src/global/global.dart:7:1: Context: Found this candidate, but the arguments don't match.
showSnackBar(var message, Color color, Color? textColor,SnackB) {
^^^^^^^^^^^^
[2:31:48 AM] [FlutterRun] [Error] [Flutter] lib/src/pages/home/teacher/home/components/quiz_add/controller/quiz_addition_controller.dart:42:19: Error: Too few positional arguments: 4 required, 3 given.
[2:31:48 AM] [FlutterRun] [Error] [Flutter]       showSnackBar(
                  ^
lib/src/global/global.dart:7:1: Context: Found this candidate, but the arguments don't match.
showSnackBar(var message, Color color, Color? textColor,SnackB) {
^^^^^^^^^^^^
[2:31:48 AM] [FlutterRun] [Error] [Flutter] lib/src/pages/home/teacher/home/components/quiz_add/controller/quiz_addition_controller.dart:104:19: Error: Too few positional arguments: 4 required, 3 given.
[2:31:48 AM] [FlutterRun] [Error] [Flutter]       showSnackBar('Question Added sucessfully', greenColor, whiteColor);
                  ^
lib/src/global/global.dart:7:1: Context: Found this candidate, but the arguments don't match.
showSnackBar(var message, Color color, Color? textColor,SnackB) {
^^^^^^^^^^^^
[2:31:48 AM] [FlutterRun] [Error] [Flutter] lib/src/pages/home/teacher/home/components/quiz_add/controller/quiz_addition_controller.dart:108:21: Error: Too few positional arguments: 4 required, 3 given.
        showSnackBar('Your quiz is ready go to all quiz for actions',
                    ^
lib/src/global/global.dart:7:1: Context: Found this candidate, but the arguments don't match.
showSnackBar(var message, Color color, Color? textColor,SnackB) {
^^^^^^^^^^^^
[2:31:48 AM] [FlutterRun] [Error] [Flutter] lib/src/pages/home/teacher/home/components/quiz_add/controller/quiz_addition_controller.dart:118:19: Error: Too few positional arguments: 4 required, 3 given.
      showSnackBar(addedQuizJson["message"], redColor, whiteColor);
                  ^
lib/src/global/global.dart:7:1: Context: Found this candidate, but the arguments don't match.
showSnackBar(var message, Color color, Color? textColor,SnackB) {
^^^^^^^^^^^^
[2:31:48 AM] [FlutterRun] [Error] [Flutter] lib/src/pages/auth/controller/otp_controller.dart:75:23: Error: Too few positional arguments: 4 required, 3 given.
[2:31:48 AM] [FlutterRun] [Error] [Flutter]           showSnackBar("Account validated Sucessfully, Please log In",
                      ^
lib/src/global/global.dart:7:1: Context: Found this candidate, but the arguments don't match.
showSnackBar(var message, Color color, Color? textColor,SnackB) {
^^^^^^^^^^^^
lib/src/pages/auth/controller/otp_controller.dart:81:23: Error: Too few positional arguments: 4 required, 3 given.
          showSnackBar("Account validated Sucessfully, Please log In",
[2:31:48 AM] [FlutterRun] [Error] [Flutter]                       ^
lib/src/global/global.dart:7:1: Context: Found this candidate, but the arguments don't match.
showSnackBar(var message, Color color, Color? textColor,SnackB) {
^^^^^^^^^^^^
lib/src/pages/auth/controller/otp_controller.dart:87:23: Error: Too few positional arguments: 4 required, 3 given.
          showSnackBar(res['message'], Colors.green, Colors.white);
[2:31:48 AM] [FlutterRun] [Error] [Flutter]                       ^
lib/src/global/global.dart:7:1: Context: Found this candidate, but the arguments don't match.
showSnackBar(var message, Color color, Color? textColor,SnackB) {
^^^^^^^^^^^^
lib/src/pages/auth/controller/otp_controller.dart:94:21: Error: Too few positional arguments: 4 required, 3 given.
        showSnackBar(res['message'], Colors.red, Colors.white);
                    ^
lib/src/global/global.dart:7:1: Context: Found this candidate, but the arguments don't match.
[2:31:48 AM] [FlutterRun] [Error] [Flutter] showSnackBar(var message, Color color, Color? textColor,SnackB) {
^^^^^^^^^^^^
lib/src/pages/auth/controller/otp_controller.dart:100:19: Error: Too few positional arguments: 4 required, 3 given.
      showSnackBar(e.toString(), Colors.red, Colors.white);
                  ^
lib/src/global/global.dart:7:1: Context: Found this candidate, but the arguments don't match.
showSnackBar(var message, Color color, Color? textColor,SnackB) {
^^^^^^^^^^^^
[2:31:48 AM] [FlutterRun] [Error] [Flutter] lib/src/pages/home/student/home/components/joinQuiz/components/controller/detailed_view_controller.dart:28:19: Error: Too few positional arguments: 4 required, 3 given.
[2:31:48 AM] [FlutterRun] [Error] [Flutter]       showSnackBar(e.toString(), redColor, whiteColor);
                  ^
lib/src/global/global.dart:7:1: Context: Found this candidate, but the arguments don't match.
showSnackBar(var message, Color color, Color? textColor,SnackB) {
^^^^^^^^^^^^
[2:31:48 AM] [FlutterRun] [Error] [Flutter] lib/src/pages/home/student/home/components/joinQuiz/components/controller/detailed_view_controller.dart:47:19: Error: Too few positional arguments: 4 required, 3 given.
[2:31:48 AM] [FlutterRun] [Error] [Flutter]       showSnackBar(decode["message"], redColor, whiteColor);
                  ^
lib/src/global/global.dart:7:1: Context: Found this candidate, but the arguments don't match.
showSnackBar(var message, Color color, Color? textColor,SnackB) {
^^^^^^^^^^^^
[2:31:48 AM] [FlutterRun] [Error] [Flutter] lib/src/pages/home/student/home/components/joinQuiz/components/controller/detailed_view_controller.dart:56:21: Error: Too few positional arguments: 4 required, 3 given.
        showSnackBar(decode["message"], redColor, whiteColor);
                    ^
lib/src/global/global.dart:7:1: Context: Found this candidate, but the arguments don't match.
showSnackBar(var message, Color color, Color? textColor,SnackB) {
^^^^^^^^^^^^
[2:31:48 AM] [FlutterRun] [Error] [Flutter] lib/src/pages/home/student/home/components/joinQuiz/components/controller/detailed_view_controller.dart:59:21: Error: Too few positional arguments: 4 required, 3 given.
        showSnackBar(decode["message"], redColor, whiteColor);
                    ^
lib/src/global/global.dart:7:1: Context: Found this candidate, but the arguments don't match.
showSnackBar(var message, Color color, Color? textColor,SnackB) {
^^^^^^^^^^^^
[2:31:48 AM] [FlutterRun] [Error] [Flutter] lib/src/pages/home/teacher/home/components/allQuiz/controller/draft_quiz_controller.dart:49:19: Error: Too few positional arguments: 4 required, 3 given.
[2:31:48 AM] [FlutterRun] [Error] [Flutter]       showSnackBar(e.toString(), redColor, whiteColor);
                  ^
lib/src/global/global.dart:7:1: Context: Found this candidate, but the arguments don't match.
showSnackBar(var message, Color color, Color? textColor,SnackB) {
^^^^^^^^^^^^
[2:31:48 AM] [FlutterRun] [Error] [Flutter] lib/src/pages/home/teacher/home/components/allQuiz/controller/draft_quiz_controller.dart:70:19: Error: Too few positional arguments: 4 required, 3 given.
[2:31:48 AM] [FlutterRun] [Error] [Flutter]       showSnackBar(res["message"], redColor, whiteColor);
                  ^
lib/src/global/global.dart:7:1: Context: Found this candidate, but the arguments don't match.
showSnackBar(var message, Color color, Color? textColor,SnackB) {
^^^^^^^^^^^^
[2:31:48 AM] [FlutterRun] [Error] [Flutter] lib/src/pages/home/teacher/home/components/allQuiz/controller/draft_quiz_controller.dart:85:19: Error: Too few positional arguments: 4 required, 3 given.
      showSnackBar(e.toString(), redColor, whiteColor);
[2:31:48 AM] [FlutterRun] [Error] [Flutter]                   ^
lib/src/global/global.dart:7:1: Context: Found this candidate, but the arguments don't match.
showSnackBar(var message, Color color, Color? textColor,SnackB) {
^^^^^^^^^^^^
[2:31:48 AM] [FlutterRun] [Error] [Flutter] lib/src/pages/home/teacher/home/components/allQuiz/controller/draft_quiz_controller.dart:99:19: Error: Too few positional arguments: 4 required, 3 given.
      showSnackBar('Deleted :)', redColor, whiteColor);
                  ^
[2:31:48 AM] [FlutterRun] [Error] [Flutter] lib/src/global/global.dart:7:1: Context: Found this candidate, but the arguments don't match.
showSnackBar(var message, Color color, Color? textColor,SnackB) {
^^^^^^^^^^^^
lib/src/pages/home/teacher/home/components/allQuiz/controller/draft_quiz_controller.dart:104:19: Error: Too few positional arguments: 4 required, 3 given.
[2:31:48 AM] [FlutterRun] [Error] [Flutter]       showSnackBar(e.toString(), redColor, whiteColor);
                  ^
lib/src/global/global.dart:7:1: Context: Found this candidate, but the arguments don't match.
showSnackBar(var message, Color color, Color? textColor,SnackB) {
^^^^^^^^^^^^
[2:31:48 AM] [FlutterRun] [Error] [Flutter] lib/src/pages/home/teacher/home/components/allQuiz/controller/live_quiz_controller.dart:60:19: Error: Too few positional arguments: 4 required, 3 given.
[2:31:48 AM] [FlutterRun] [Error] [Flutter]       showSnackBar(e.toString(), redColor, whiteColor);
                  ^
lib/src/global/global.dart:7:1: Context: Found this candidate, but the arguments don't match.
showSnackBar(var message, Color color, Color? textColor,SnackB) {
^^^^^^^^^^^^
[2:31:48 AM] [FlutterRun] [Error] [Flutter] lib/src/pages/home/teacher/home/components/allQuiz/controller/live_quiz_controller.dart:69:19: Error: Too few positional arguments: 4 required, 3 given.
[2:31:48 AM] [FlutterRun] [Error] [Flutter]       showSnackBar(res["message"].toString(), greenColor, whiteColor);
                  ^
lib/src/global/global.dart:7:1: Context: Found this candidate, but the arguments don't match.
showSnackBar(var message, Color color, Color? textColor,SnackB) {
^^^^^^^^^^^^
[2:31:48 AM] [FlutterRun] [Error] [Flutter] lib/src/pages/home/teacher/home/components/allQuiz/controller/live_quiz_controller.dart:72:19: Error: Too few positional arguments: 4 required, 3 given.
      showSnackBar(res["message"], redColor, whiteColor);
                  ^
lib/src/global/global.dart:7:1: Context: Found this candidate, but the arguments don't match.
showSnackBar(var message, Color color, Color? textColor,SnackB) {
^^^^^^^^^^^^
[2:31:48 AM] [FlutterRun] [Error] [Flutter] lib/src/pages/home/teacher/home/components/allQuiz/controller/live_quiz_controller.dart:98:19: Error: Too few positional arguments: 4 required, 3 given.
      showSnackBar(e.toString(), redColor, whiteColor);
                  ^
[2:31:48 AM] [FlutterRun] [Error] [Flutter] lib/src/global/global.dart:7:1: Context: Found this candidate, but the arguments don't match.
showSnackBar(var message, Color color, Color? textColor,SnackB) {
^^^^^^^^^^^^
[2:31:48 AM] [FlutterRun] [Error] [Flutter] lib/src/pages/home/teacher/home/components/allQuiz/design/controller/completed_controller.dart:46:19: Error: Too few positional arguments: 4 required, 3 given.
[2:31:48 AM] [FlutterRun] [Error] [Flutter]       showSnackBar(e.toString(), redColor, whiteColor);
                  ^
lib/src/global/global.dart:7:1: Context: Found this candidate, but the arguments don't match.
showSnackBar(var message, Color color, Color? textColor,SnackB) {
^^^^^^^^^^^^
[2:31:48 AM] [FlutterRun] [Error] [Flutter] lib/src/pages/home/teacher/home/components/allQuiz/design/controller/expanded_quiz_ontap_controller.dart:49:19: Error: Too few positional arguments: 4 required, 3 given.
[2:31:48 AM] [FlutterRun] [Error] [Flutter]       showSnackBar(e.toString(), redColor, whiteColor);
                  ^
lib/src/global/global.dart:7:1: Context: Found this candidate, but the arguments don't match.
showSnackBar(var message, Color color, Color? textColor,SnackB) {
^^^^^^^^^^^^
[2:31:48 AM] [FlutterRun] [Error] [Flutter] lib/src/pages/home/teacher/home/components/create/controller/create_quiz_controller.dart:262:25: Error: Too few positional arguments: 4 required, 3 given.
[2:31:48 AM] [FlutterRun] [Error] [Flutter]             showSnackBar(
                        ^
lib/src/global/global.dart:7:1: Context: Found this candidate, but the arguments don't match.
showSnackBar(var message, Color color, Color? textColor,SnackB) {
^^^^^^^^^^^^
[2:31:48 AM] [FlutterRun] [Error] [Flutter] lib/src/pages/home/teacher/home/components/create/controller/create_quiz_controller.dart:270:23: Error: Too few positional arguments: 4 required, 3 given.
          showSnackBar(
                      ^
lib/src/global/global.dart:7:1: Context: Found this candidate, but the arguments don't match.
showSnackBar(var message, Color color, Color? textColor,SnackB) {
^^^^^^^^^^^^
[2:31:48 AM] [FlutterRun] [Error] [Flutter] lib/src/pages/home/teacher/home/components/create/controller/create_quiz_controller.dart:280:21: Error: Too few positional arguments: 4 required, 3 given.
        showSnackBar(e.toString(), redColor, whiteColor);
                    ^
lib/src/global/global.dart:7:1: Context: Found this candidate, but the arguments don't match.
showSnackBar(var message, Color color, Color? textColor,SnackB) {
^^^^^^^^^^^^
[2:31:48 AM] [FlutterRun] [Error] [Flutter] lib/src/pages/home/teacher/home/components/create/controller/create_quiz_controller.dart:332:21: Error: Too few positional arguments: 4 required, 3 given.
[2:31:48 AM] [FlutterRun] [Error] [Flutter]         showSnackBar('Your session expired :)', greenColor, whiteColor);
                    ^
lib/src/global/global.dart:7:1: Context: Found this candidate, but the arguments don't match.
showSnackBar(var message, Color color, Color? textColor,SnackB) {
^^^^^^^^^^^^
lib/src/pages/home/teacher/home/components/create/controller/create_quiz_controller.dart:358:21: Error: Too few positional arguments: 4 required, 3 given.
        showSnackBar(myjson["message"], redColor, whiteColor);
                    ^
lib/src/global/global.dart:7:1: Context: Found this candidate, but the arguments don't match.
showSnackBar(var message, Color color, Color? textColor,SnackB) {
[2:31:48 AM] [FlutterRun] [Error] [Flutter] ^^^^^^^^^^^^
lib/src/pages/home/teacher/home/components/create/controller/create_quiz_controller.dart:366:19: Error: Too few positional arguments: 4 required, 3 given.
      showSnackBar(e.toString(), redColor, whiteColor);
                  ^
lib/src/global/global.dart:7:1: Context: Found this candidate, but the arguments don't match.
showSnackBar(var message, Color color, Color? textColor,SnackB) {
^^^^^^^^^^^^
[2:31:48 AM] [FlutterRun] [Error] [Flutter] lib/src/pages/home/teacher/home/components/quiz_add/controller/quiz_view_screen_controller.dart:59:23: Error: Too few positional arguments: 4 required, 3 given.
[2:31:48 AM] [FlutterRun] [Error] [Flutter]           showSnackBar('Deleted Sucesfully :)', greenColor, whiteColor);
                      ^
lib/src/global/global.dart:7:1: Context: Found this candidate, but the arguments don't match.
[2:31:48 AM] [FlutterRun] [Error] [Flutter] showSnackBar(var message, Color color, Color? textColor,SnackB) {
^^^^^^^^^^^^
lib/src/pages/home/teacher/home/components/quiz_add/controller/quiz_view_screen_controller.dart:64:23: Error: Too few positional arguments: 4 required, 3 given.
          showSnackBar('Network Error :)', redColor, whiteColor);
                      ^
lib/src/global/global.dart:7:1: Context: Found this candidate, but the arguments don't match.
showSnackBar(var message, Color color, Color? textColor,SnackB) {
^^^^^^^^^^^^
lib/src/pages/home/teacher/home/components/quiz_add/controller/quiz_view_screen_controller.dart:70:21: Error: Too few positional arguments: 4 required, 3 given.
        showSnackBar('Network Error :)', redColor, whiteColor);
[2:31:48 AM] [FlutterRun] [Error] [Flutter]                     ^
lib/src/global/global.dart:7:1: Context: Found this candidate, but the arguments don't match.
showSnackBar(var message, Color color, Color? textColor,SnackB) {
^^^^^^^^^^^^
[2:31:48 AM] [FlutterRun] [Error] [Flutter] lib/src/pages/home/teacher/profile/controller/teacher_profile_controller.dart:71:19: Error: Too few positional arguments: 4 required, 3 given.
[2:31:48 AM] [FlutterRun] [Error] [Flutter]       showSnackBar(decoded["message"], redColor, whiteColor);
                  ^
lib/src/global/global.dart:7:1: Context: Found this candidate, but the arguments don't match.
showSnackBar(var message, Color color, Color? textColor,SnackB) {
^^^^^^^^^^^^
[2:31:48 AM] [FlutterRun] [Error] [Flutter] lib/src/pages/home/student/drawer/components/profile/controller/student_profile_controller.dart:33:19: Error: Too few positional arguments: 4 required, 3 given.
[2:31:48 AM] [FlutterRun] [Error] [Flutter]       showSnackBar(
                  ^
lib/src/global/global.dart:7:1: Context: Found this candidate, but the arguments don't match.
showSnackBar(var message, Color color, Color? textColor,SnackB) {
^^^^^^^^^^^^
[2:32:37 AM] [FlutterRun] [Error] [Flutter] lib/src/pages/home/teacher/home/components/create/create_quiz.dart:253:47: Error: Too few positional arguments: 4 required, 3 given.
[2:32:37 AM] [FlutterRun] [Error] [Flutter]                                   showSnackBar('Please select duration',
                                              ^
lib/src/global/global.dart:7:1: Context: Found this candidate, but the arguments don't match.
showSnackBar(
^^^^^^^^^^^^
[2:32:37 AM] [FlutterRun] [Error] [Flutter] lib/src/pages/auth/controller/common_auth_login_controller.dart:65:39: Error: Too few positional arguments: 4 required, 3 given.
[2:32:37 AM] [FlutterRun] [Error] [Flutter]                           showSnackBar(
                                      ^
lib/src/global/global.dart:7:1: Context: Found this candidate, but the arguments don't match.
showSnackBar(
^^^^^^^^^^^^
[2:32:37 AM] [FlutterRun] [Error] [Flutter] lib/src/pages/auth/controller/common_auth_login_controller.dart:144:17: Error: Too few positional arguments: 4 required, 3 given.
[2:32:37 AM] [FlutterRun] [Error] [Flutter]     showSnackBar("Sucessfully logged In", Colors.green, Colors.white);
                ^
lib/src/global/global.dart:7:1: Context: Found this candidate, but the arguments don't match.
showSnackBar(
^^^^^^^^^^^^
[2:32:37 AM] [FlutterRun] [Error] [Flutter] lib/src/pages/auth/controller/common_auth_login_controller.dart:166:21: Error: Too few positional arguments: 4 required, 3 given.
        showSnackBar("Sucessfully logged In", Colors.green, Colors.white);
                    ^
[2:32:37 AM] [FlutterRun] [Error] [Flutter] lib/src/global/global.dart:7:1: Context: Found this candidate, but the arguments don't match.
showSnackBar(
^^^^^^^^^^^^
[2:32:37 AM] [FlutterRun] [Error] [Flutter] lib/src/pages/auth/controller/common_auth_login_controller.dart:176:21: Error: Too few positional arguments: 4 required, 3 given.
        showSnackBar(res["message"], Colors.red, Colors.white);
                    ^
[2:32:37 AM] [FlutterRun] [Error] [Flutter] lib/src/global/global.dart:7:1: Context: Found this candidate, but the arguments don't match.
showSnackBar(
^^^^^^^^^^^^
lib/src/pages/auth/controller/common_auth_login_controller.dart:180:19: Error: Too few positional arguments: 4 required, 3 given.
      showSnackBar("Please signup then login", Colors.red, Colors.white);
[2:32:37 AM] [FlutterRun] [Error] [Flutter]                   ^
lib/src/global/global.dart:7:1: Context: Found this candidate, but the arguments don't match.
showSnackBar(
^^^^^^^^^^^^
lib/src/pages/auth/controller/common_auth_login_controller.dart:197:19: Error: Too few positional arguments: 4 required, 3 given.
      showSnackBar(res["message"], Colors.red, Colors.white);
                  ^
lib/src/global/global.dart:7:1: Context: Found this candidate, but the arguments don't match.
[2:32:37 AM] [FlutterRun] [Error] [Flutter] showSnackBar(
^^^^^^^^^^^^
[2:32:37 AM] [FlutterRun] [Error] [Flutter] lib/src/pages/auth/controller/common_auth_login_controller.dart:210:21: Error: Too few positional arguments: 4 required, 3 given.
[2:32:37 AM] [FlutterRun] [Error] [Flutter]         showSnackBar(e.toString(), Colors.red, Colors.white);
                    ^
lib/src/global/global.dart:7:1: Context: Found this candidate, but the arguments don't match.
showSnackBar(
^^^^^^^^^^^^
[2:32:37 AM] [FlutterRun] [Error] [Flutter] lib/src/pages/auth/controller/common_auth_register_controller.dart:81:21: Error: Too few positional arguments: 4 required, 3 given.
[2:32:37 AM] [FlutterRun] [Error] [Flutter]         showSnackBar(
                    ^
lib/src/global/global.dart:7:1: Context: Found this candidate, but the arguments don't match.
showSnackBar(
^^^^^^^^^^^^
lib/src/pages/auth/controller/common_auth_register_controller.dart:90:21: Error: Too few positional arguments: 4 required, 3 given.
[2:32:37 AM] [FlutterRun] [Error] [Flutter]         showSnackBar(
                    ^
lib/src/global/global.dart:7:1: Context: Found this candidate, but the arguments don't match.
showSnackBar(
^^^^^^^^^^^^
lib/src/pages/auth/controller/common_auth_register_controller.dart:97:21: Error: Too few positional arguments: 4 required, 3 given.
        showSnackBar(res["message"], Colors.red, Colors.white);
                    ^
[2:32:37 AM] [FlutterRun] [Error] [Flutter] lib/src/global/global.dart:7:1: Context: Found this candidate, but the arguments don't match.
showSnackBar(
^^^^^^^^^^^^
lib/src/pages/auth/controller/common_auth_register_controller.dart:120:19: Error: Too few positional arguments: 4 required, 3 given.
      showSnackBar(e.toString(), Colors.red, Colors.white);
                  ^
lib/src/global/global.dart:7:1: Context: Found this candidate, but the arguments don't match.
showSnackBar(
[2:32:37 AM] [FlutterRun] [Error] [Flutter] ^^^^^^^^^^^^
[2:32:37 AM] [FlutterRun] [Error] [Flutter] lib/src/pages/auth/controller/common_auth_register_controller.dart:189:21: Error: Too few positional arguments: 4 required, 3 given.
[2:32:37 AM] [FlutterRun] [Error] [Flutter]         showSnackBar(
                    ^
lib/src/global/global.dart:7:1: Context: Found this candidate, but the arguments don't match.
showSnackBar(
^^^^^^^^^^^^
lib/src/pages/auth/controller/common_auth_register_controller.dart:194:21: Error: Too few positional arguments: 4 required, 3 given.
        showSnackBar(jsonBody["message"], Colors.red, Colors.white);
                    ^
lib/src/global/global.dart:7:1: Context: Found this candidate, but the arguments don't match.
[2:32:37 AM] [FlutterRun] [Error] [Flutter] showSnackBar(
^^^^^^^^^^^^
lib/src/pages/auth/controller/common_auth_register_controller.dart:198:19: Error: Too few positional arguments: 4 required, 3 given.
      showSnackBar(e.toString(), Colors.red, Colors.white);
                  ^
lib/src/global/global.dart:7:1: Context: Found this candidate, but the arguments don't match.
showSnackBar(
^^^^^^^^^^^^
[2:32:37 AM] [FlutterRun] [Error] [Flutter] lib/src/pages/home/student/home/components/joinQuiz/components/controller/join_quiz_session_controller.dart:57:21: Error: Too few positional arguments: 4 required, 3 given.
[2:32:37 AM] [FlutterRun] [Error] [Flutter]         showSnackBar('Quiz is Completed', greenColor, whiteColor);
                    ^
lib/src/global/global.dart:7:1: Context: Found this candidate, but the arguments don't match.
showSnackBar(
^^^^^^^^^^^^
[2:32:37 AM] [FlutterRun] [Error] [Flutter] lib/src/pages/home/student/home/components/joinQuiz/components/controller/option_controller.dart:50:19: Error: Too few positional arguments: 4 required, 3 given.
[2:32:37 AM] [FlutterRun] [Error] [Flutter]       showSnackBar(e, redColor, whiteColor);
                  ^
lib/src/global/global.dart:7:1: Context: Found this candidate, but the arguments don't match.
showSnackBar(
^^^^^^^^^^^^
[2:32:37 AM] [FlutterRun] [Error] [Flutter] lib/src/pages/home/student/home/components/joinQuiz/components/controller/option_controller.dart:62:17: Error: Too few positional arguments: 4 required, 3 given.
[2:32:37 AM] [FlutterRun] [Error] [Flutter]     showSnackBar(decode["message"], greenColor, whiteColor);
                ^
lib/src/global/global.dart:7:1: Context: Found this candidate, but the arguments don't match.
showSnackBar(
^^^^^^^^^^^^
[2:32:37 AM] [FlutterRun] [Error] [Flutter] lib/src/pages/home/student/home/components/joinQuiz/components/join_quiz_controller.dart:47:19: Error: Too few positional arguments: 4 required, 3 given.
[2:32:37 AM] [FlutterRun] [Error] [Flutter]       showSnackBar('QuizID cannot be empty', redColor, whiteColor);
                  ^
lib/src/global/global.dart:7:1: Context: Found this candidate, but the arguments don't match.
showSnackBar(
^^^^^^^^^^^^
[2:32:37 AM] [FlutterRun] [Error] [Flutter] lib/src/pages/home/student/home/components/joinQuiz/components/join_quiz_controller.dart:71:21: Error: Too few positional arguments: 4 required, 3 given.
[2:32:37 AM] [FlutterRun] [Error] [Flutter]         showSnackBar(decode["message"], redColor, whiteColor);
                    ^
lib/src/global/global.dart:7:1: Context: Found this candidate, but the arguments don't match.
showSnackBar(
^^^^^^^^^^^^
[2:32:37 AM] [FlutterRun] [Error] [Flutter] lib/src/pages/home/student/home/components/joinQuiz/components/join_quiz_controller.dart:86:21: Error: Too few positional arguments: 4 required, 3 given.
        showSnackBar('Quiz is completed ', redColor, whiteColor);
                    ^
lib/src/global/global.dart:7:1: Context: Found this candidate, but the arguments don't match.
[2:32:37 AM] [FlutterRun] [Error] [Flutter] showSnackBar(
^^^^^^^^^^^^
lib/src/pages/home/student/home/components/joinQuiz/components/join_quiz_controller.dart:90:21: Error: Too few positional arguments: 4 required, 3 given.
        showSnackBar('Sessio Expired :)', greenColor, whiteColor);
                    ^
[2:32:37 AM] [FlutterRun] [Error] [Flutter] lib/src/global/global.dart:7:1: Context: Found this candidate, but the arguments don't match.
showSnackBar(
^^^^^^^^^^^^
[2:32:37 AM] [FlutterRun] [Error] [Flutter] lib/src/pages/home/student/home/components/joinQuiz/components/join_quiz_controller.dart:94:19: Error: Too few positional arguments: 4 required, 3 given.
      showSnackBar(e.toString(), redColor, whiteColor);
                  ^
lib/src/global/global.dart:7:1: Context: Found this candidate, but the arguments don't match.
showSnackBar(
^^^^^^^^^^^^
[2:32:37 AM] [FlutterRun] [Error] [Flutter] lib/src/pages/home/teacher/home/components/quiz_add/controller/quiz_addition_controller.dart:42:19: Error: Too few positional arguments: 4 required, 3 given.
[2:32:37 AM] [FlutterRun] [Error] [Flutter]       showSnackBar(
                  ^
lib/src/global/global.dart:7:1: Context: Found this candidate, but the arguments don't match.
showSnackBar(
^^^^^^^^^^^^
[2:32:37 AM] [FlutterRun] [Error] [Flutter] lib/src/pages/home/teacher/home/components/quiz_add/controller/quiz_addition_controller.dart:104:19: Error: Too few positional arguments: 4 required, 3 given.
[2:32:37 AM] [FlutterRun] [Error] [Flutter]       showSnackBar('Question Added sucessfully', greenColor, whiteColor);
                  ^
lib/src/global/global.dart:7:1: Context: Found this candidate, but the arguments don't match.
showSnackBar(
^^^^^^^^^^^^
[2:32:37 AM] [FlutterRun] [Error] [Flutter] lib/src/pages/home/teacher/home/components/quiz_add/controller/quiz_addition_controller.dart:108:21: Error: Too few positional arguments: 4 required, 3 given.
        showSnackBar('Your quiz is ready go to all quiz for actions',
                    ^
lib/src/global/global.dart:7:1: Context: Found this candidate, but the arguments don't match.
showSnackBar(
^^^^^^^^^^^^
[2:32:37 AM] [FlutterRun] [Error] [Flutter] lib/src/pages/home/teacher/home/components/quiz_add/controller/quiz_addition_controller.dart:118:19: Error: Too few positional arguments: 4 required, 3 given.
      showSnackBar(addedQuizJson["message"], redColor, whiteColor);
                  ^
lib/src/global/global.dart:7:1: Context: Found this candidate, but the arguments don't match.
showSnackBar(
^^^^^^^^^^^^
[2:32:37 AM] [FlutterRun] [Error] [Flutter] lib/src/pages/auth/controller/otp_controller.dart:75:23: Error: Too few positional arguments: 4 required, 3 given.
[2:32:37 AM] [FlutterRun] [Error] [Flutter]           showSnackBar("Account validated Sucessfully, Please log In",
                      ^
lib/src/global/global.dart:7:1: Context: Found this candidate, but the arguments don't match.
showSnackBar(
^^^^^^^^^^^^
lib/src/pages/auth/controller/otp_controller.dart:81:23: Error: Too few positional arguments: 4 required, 3 given.
          showSnackBar("Account validated Sucessfully, Please log In",
                      ^
lib/src/global/global.dart:7:1: Context: Found this candidate, but the arguments don't match.
[2:32:37 AM] [FlutterRun] [Error] [Flutter] showSnackBar(
^^^^^^^^^^^^
lib/src/pages/auth/controller/otp_controller.dart:87:23: Error: Too few positional arguments: 4 required, 3 given.
          showSnackBar(res['message'], Colors.green, Colors.white);
                      ^
lib/src/global/global.dart:7:1: Context: Found this candidate, but the arguments don't match.
showSnackBar(
^^^^^^^^^^^^
lib/src/pages/auth/controller/otp_controller.dart:94:21: Error: Too few positional arguments: 4 required, 3 given.
        showSnackBar(res['message'], Colors.red, Colors.white);
                    ^
[2:32:37 AM] [FlutterRun] [Error] [Flutter] lib/src/global/global.dart:7:1: Context: Found this candidate, but the arguments don't match.
showSnackBar(
^^^^^^^^^^^^
lib/src/pages/auth/controller/otp_controller.dart:100:19: Error: Too few positional arguments: 4 required, 3 given.
      showSnackBar(e.toString(), Colors.red, Colors.white);
                  ^
lib/src/global/global.dart:7:1: Context: Found this candidate, but the arguments don't match.
showSnackBar(
^^^^^^^^^^^^
[2:32:37 AM] [FlutterRun] [Error] [Flutter] lib/src/pages/home/student/home/components/joinQuiz/components/controller/detailed_view_controller.dart:28:19: Error: Too few positional arguments: 4 required, 3 given.
[2:32:37 AM] [FlutterRun] [Error] [Flutter]       showSnackBar(e.toString(), redColor, whiteColor);
                  ^
lib/src/global/global.dart:7:1: Context: Found this candidate, but the arguments don't match.
showSnackBar(
^^^^^^^^^^^^
[2:32:37 AM] [FlutterRun] [Error] [Flutter] lib/src/pages/home/student/home/components/joinQuiz/components/controller/detailed_view_controller.dart:47:19: Error: Too few positional arguments: 4 required, 3 given.
[2:32:37 AM] [FlutterRun] [Error] [Flutter]       showSnackBar(decode["message"], redColor, whiteColor);
                  ^
lib/src/global/global.dart:7:1: Context: Found this candidate, but the arguments don't match.
showSnackBar(
[2:32:37 AM] [FlutterRun] [Error] [Flutter] ^^^^^^^^^^^^
lib/src/pages/home/student/home/components/joinQuiz/components/controller/detailed_view_controller.dart:56:21: Error: Too few positional arguments: 4 required, 3 given.
        showSnackBar(decode["message"], redColor, whiteColor);
[2:32:37 AM] [FlutterRun] [Error] [Flutter]                     ^
lib/src/global/global.dart:7:1: Context: Found this candidate, but the arguments don't match.
showSnackBar(
^^^^^^^^^^^^
[2:32:37 AM] [FlutterRun] [Error] [Flutter] lib/src/pages/home/student/home/components/joinQuiz/components/controller/detailed_view_controller.dart:59:21: Error: Too few positional arguments: 4 required, 3 given.
        showSnackBar(decode["message"], redColor, whiteColor);
                    ^
lib/src/global/global.dart:7:1: Context: Found this candidate, but the arguments don't match.
[2:32:37 AM] [FlutterRun] [Error] [Flutter] showSnackBar(
^^^^^^^^^^^^
[2:32:37 AM] [FlutterRun] [Error] [Flutter] lib/src/pages/home/teacher/home/components/allQuiz/controller/draft_quiz_controller.dart:49:19: Error: Too few positional arguments: 4 required, 3 given.
[2:32:37 AM] [FlutterRun] [Error] [Flutter]       showSnackBar(e.toString(), redColor, whiteColor);
                  ^
lib/src/global/global.dart:7:1: Context: Found this candidate, but the arguments don't match.
showSnackBar(
^^^^^^^^^^^^
[2:32:37 AM] [FlutterRun] [Error] [Flutter] lib/src/pages/home/teacher/home/components/allQuiz/controller/draft_quiz_controller.dart:70:19: Error: Too few positional arguments: 4 required, 3 given.
[2:32:37 AM] [FlutterRun] [Error] [Flutter]       showSnackBar(res["message"], redColor, whiteColor);
                  ^
lib/src/global/global.dart:7:1: Context: Found this candidate, but the arguments don't match.
showSnackBar(
^^^^^^^^^^^^
[2:32:37 AM] [FlutterRun] [Error] [Flutter] lib/src/pages/home/teacher/home/components/allQuiz/controller/draft_quiz_controller.dart:85:19: Error: Too few positional arguments: 4 required, 3 given.
[2:32:37 AM] [FlutterRun] [Error] [Flutter]       showSnackBar(e.toString(), redColor, whiteColor);
                  ^
lib/src/global/global.dart:7:1: Context: Found this candidate, but the arguments don't match.
showSnackBar(
[2:32:37 AM] [FlutterRun] [Error] [Flutter] ^^^^^^^^^^^^
[2:32:37 AM] [FlutterRun] [Error] [Flutter] lib/src/pages/home/teacher/home/components/allQuiz/controller/draft_quiz_controller.dart:99:19: Error: Too few positional arguments: 4 required, 3 given.
[2:32:37 AM] [FlutterRun] [Error] [Flutter]       showSnackBar('Deleted :)', redColor, whiteColor);
                  ^
lib/src/global/global.dart:7:1: Context: Found this candidate, but the arguments don't match.
showSnackBar(
^^^^^^^^^^^^
[2:32:37 AM] [FlutterRun] [Error] [Flutter] lib/src/pages/home/teacher/home/components/allQuiz/controller/draft_quiz_controller.dart:104:19: Error: Too few positional arguments: 4 required, 3 given.
      showSnackBar(e.toString(), redColor, whiteColor);
                  ^
[2:32:37 AM] [FlutterRun] [Error] [Flutter] lib/src/global/global.dart:7:1: Context: Found this candidate, but the arguments don't match.
showSnackBar(
^^^^^^^^^^^^
[2:32:37 AM] [FlutterRun] [Error] [Flutter] lib/src/pages/home/teacher/home/components/allQuiz/controller/live_quiz_controller.dart:60:19: Error: Too few positional arguments: 4 required, 3 given.
[2:32:37 AM] [FlutterRun] [Error] [Flutter]       showSnackBar(e.toString(), redColor, whiteColor);
                  ^
lib/src/global/global.dart:7:1: Context: Found this candidate, but the arguments don't match.
showSnackBar(
^^^^^^^^^^^^
[2:32:37 AM] [FlutterRun] [Error] [Flutter] lib/src/pages/home/teacher/home/components/allQuiz/controller/live_quiz_controller.dart:69:19: Error: Too few positional arguments: 4 required, 3 given.
      showSnackBar(res["message"].toString(), greenColor, whiteColor);
                  ^
lib/src/global/global.dart:7:1: Context: Found this candidate, but the arguments don't match.
showSnackBar(
^^^^^^^^^^^^
lib/src/pages/home/teacher/home/components/allQuiz/controller/live_quiz_controller.dart:72:19: Error: Too few positional arguments: 4 required, 3 given.
      showSnackBar(res["message"], redColor, whiteColor);
                  ^
lib/src/global/global.dart:7:1: Context: Found this candidate, but the arguments don't match.
showSnackBar(
^^^^^^^^^^^^
[2:32:37 AM] [FlutterRun] [Error] [Flutter] lib/src/pages/home/teacher/home/components/allQuiz/controller/live_quiz_controller.dart:98:19: Error: Too few positional arguments: 4 required, 3 given.
      showSnackBar(e.toString(), redColor, whiteColor);
                  ^
lib/src/global/global.dart:7:1: Context: Found this candidate, but the arguments don't match.
showSnackBar(
^^^^^^^^^^^^
[2:32:37 AM] [FlutterRun] [Error] [Flutter] lib/src/pages/home/teacher/home/components/allQuiz/design/controller/completed_controller.dart:46:19: Error: Too few positional arguments: 4 required, 3 given.
[2:32:37 AM] [FlutterRun] [Error] [Flutter]       showSnackBar(e.toString(), redColor, whiteColor);
                  ^
lib/src/global/global.dart:7:1: Context: Found this candidate, but the arguments don't match.
showSnackBar(
^^^^^^^^^^^^
[2:32:37 AM] [FlutterRun] [Error] [Flutter] lib/src/pages/home/teacher/home/components/allQuiz/design/controller/expanded_quiz_ontap_controller.dart:49:19: Error: Too few positional arguments: 4 required, 3 given.
[2:32:37 AM] [FlutterRun] [Error] [Flutter]       showSnackBar(e.toString(), redColor, whiteColor);
                  ^
lib/src/global/global.dart:7:1: Context: Found this candidate, but the arguments don't match.
showSnackBar(
^^^^^^^^^^^^
[2:32:37 AM] [FlutterRun] [Error] [Flutter] lib/src/pages/home/teacher/home/components/create/controller/create_quiz_controller.dart:262:25: Error: Too few positional arguments: 4 required, 3 given.
[2:32:37 AM] [FlutterRun] [Error] [Flutter]             showSnackBar(
                        ^
lib/src/global/global.dart:7:1: Context: Found this candidate, but the arguments don't match.
showSnackBar(
^^^^^^^^^^^^
lib/src/pages/home/teacher/home/components/create/controller/create_quiz_controller.dart:270:23: Error: Too few positional arguments: 4 required, 3 given.
          showSnackBar(
                      ^
lib/src/global/global.dart:7:1: Context: Found this candidate, but the arguments don't match.
[2:32:37 AM] [FlutterRun] [Error] [Flutter] showSnackBar(
^^^^^^^^^^^^
lib/src/pages/home/teacher/home/components/create/controller/create_quiz_controller.dart:280:21: Error: Too few positional arguments: 4 required, 3 given.
        showSnackBar(e.toString(), redColor, whiteColor);
                    ^
lib/src/global/global.dart:7:1: Context: Found this candidate, but the arguments don't match.
showSnackBar(
^^^^^^^^^^^^
[2:32:37 AM] [FlutterRun] [Error] [Flutter] lib/src/pages/home/teacher/home/components/create/controller/create_quiz_controller.dart:332:21: Error: Too few positional arguments: 4 required, 3 given.
[2:32:37 AM] [FlutterRun] [Error] [Flutter]         showSnackBar('Your session expired :)', greenColor, whiteColor);
                    ^
lib/src/global/global.dart:7:1: Context: Found this candidate, but the arguments don't match.
showSnackBar(
[2:32:37 AM] [FlutterRun] [Error] [Flutter] ^^^^^^^^^^^^
lib/src/pages/home/teacher/home/components/create/controller/create_quiz_controller.dart:358:21: Error: Too few positional arguments: 4 required, 3 given.
        showSnackBar(myjson["message"], redColor, whiteColor);
[2:32:37 AM] [FlutterRun] [Error] [Flutter]                     ^
lib/src/global/global.dart:7:1: Context: Found this candidate, but the arguments don't match.
showSnackBar(
^^^^^^^^^^^^
[2:32:37 AM] [FlutterRun] [Error] [Flutter] lib/src/pages/home/teacher/home/components/create/controller/create_quiz_controller.dart:366:19: Error: Too few positional arguments: 4 required, 3 given.
      showSnackBar(e.toString(), redColor, whiteColor);
                  ^
lib/src/global/global.dart:7:1: Context: Found this candidate, but the arguments don't match.
showSnackBar(
[2:32:37 AM] [FlutterRun] [Error] [Flutter] ^^^^^^^^^^^^
[2:32:37 AM] [FlutterRun] [Error] [Flutter] lib/src/pages/home/teacher/home/components/quiz_add/controller/quiz_view_screen_controller.dart:59:23: Error: Too few positional arguments: 4 required, 3 given.
[2:32:37 AM] [FlutterRun] [Error] [Flutter]           showSnackBar('Deleted Sucesfully :)', greenColor, whiteColor);
                      ^
lib/src/global/global.dart:7:1: Context: Found this candidate, but the arguments don't match.
showSnackBar(
^^^^^^^^^^^^
[2:32:37 AM] [FlutterRun] [Error] [Flutter] lib/src/pages/home/teacher/home/components/quiz_add/controller/quiz_view_screen_controller.dart:64:23: Error: Too few positional arguments: 4 required, 3 given.
          showSnackBar('Network Error :)', redColor, whiteColor);
                      ^
lib/src/global/global.dart:7:1: Context: Found this candidate, but the arguments don't match.
showSnackBar(
^^^^^^^^^^^^
lib/src/pages/home/teacher/home/components/quiz_add/controller/quiz_view_screen_controller.dart:70:21: Error: Too few positional arguments: 4 required, 3 given.
[2:32:37 AM] [FlutterRun] [Error] [Flutter]         showSnackBar('Network Error :)', redColor, whiteColor);
                    ^
lib/src/global/global.dart:7:1: Context: Found this candidate, but the arguments don't match.
showSnackBar(
^^^^^^^^^^^^
[2:32:37 AM] [FlutterRun] [Error] [Flutter] lib/src/pages/home/teacher/profile/controller/teacher_profile_controller.dart:71:19: Error: Too few positional arguments: 4 required, 3 given.
[2:32:37 AM] [FlutterRun] [Error] [Flutter]       showSnackBar(decoded["message"], redColor, whiteColor);
                  ^
lib/src/global/global.dart:7:1: Context: Found this candidate, but the arguments don't match.
showSnackBar(
^^^^^^^^^^^^
[2:32:37 AM] [FlutterRun] [Error] [Flutter] lib/src/pages/home/student/drawer/components/profile/controller/student_profile_controller.dart:33:19: Error: Too few positional arguments: 4 required, 3 given.
[2:32:37 AM] [FlutterRun] [Error] [Flutter]       showSnackBar(
                  ^
lib/src/global/global.dart:7:1: Context: Found this candidate, but the arguments don't match.
showSnackBar(
^^^^^^^^^^^^
[2:46:33 AM] [FlutterRun] [Error] [Flutter] Hot reload was rejected:
[2:46:33 AM] [FlutterRun] [Error] [Flutter] Limitation: changing type parameters does not work with hot reload..
Try performing a hot restart instead.
[2:46:38 AM] [FlutterRun] [Error] [Flutter] Hot reload was rejected:
Limitation: changing type parameters does not work with hot reload..
Try performing a hot restart instead.
[2:46:51 AM] [FlutterRun] [Error] [Flutter] Hot reload was rejected:
Limitation: changing type parameters does not work with hot reload..
Try performing a hot restart instead.
[2:46:55 AM] [FlutterRun] [Error] [Flutter] Hot reload was rejected:
Limitation: changing type parameters does not work with hot reload..
Try performing a hot restart instead.
[2:46:57 AM] [FlutterRun] [Error] [Flutter] Hot reload was rejected:
Limitation: changing type parameters does not work with hot reload..
Try performing a hot restart instead.
[2:47:48 AM] [FlutterRun] [Error] [Flutter] Hot reload was rejected:
[2:47:48 AM] [FlutterRun] [Error] [Flutter] Limitation: changing type parameters does not work with hot reload..
Try performing a hot restart instead.
[2:47:56 AM] [General] [Info] Starting debug session...
[2:47:56 AM] [General] [Info]     workspace: C:\Users\pawan\OneDrive\Desktop\Files\quiz
[2:47:56 AM] [General] [Info]     program  : lib/main.dart
[2:47:56 AM] [General] [Info] Setting cwd based on active workspace folder: C:\Users\pawan\OneDrive\Desktop\Files\quiz
[2:47:56 AM] [General] [Info] Converted program to absolute path: C:\Users\pawan\OneDrive\Desktop\Files\quiz\lib\main.dart
[2:47:56 AM] [General] [Info] Using workspace as cwd: C:\Users\pawan\OneDrive\Desktop\Files\quiz
[2:47:56 AM] [General] [Info] Detected launch project as Flutter
[2:47:56 AM] [General] [Info] Using Flutter debug adapter for this session
[2:47:56 AM] [General] [Info] Getting DevTools server address to pass to Flutter...
[2:47:56 AM] [General] [Info] Checking for errors before launching
[2:47:56 AM] [General] [Info] Debug session starting...
    {
        "name": "Flutter",
        "request": "launch",
        "type": "dart",
        "program": "C:\\Users\\pawan\\OneDrive\\Desktop\\Files\\quiz\\lib\\main.dart",
        "args": [
            "--web-hostname",
            "any"
        ],
        "__configurationTarget": 6,
        "noDebug": true,
        "dartCodeDebugSessionID": "session-3c512",
        "cwd": "C:\\Users\\pawan\\OneDrive\\Desktop\\Files\\quiz",
        "deviceId": "emulator-5554",
        "deviceName": "Pixel 4 XL API 30 (android-x86)",
        "toolEnv": {
            "FLUTTER_HOST": "VSCode",
            "PUB_ENVIRONMENT": "vscode.dart-code"
        },
        "sendLogsToClient": false,
        "sendCustomProgressEvents": true,
        "additionalProjectPaths": [
            "C:\\Users\\pawan\\OneDrive\\Desktop\\Files\\quiz"
        ],
        "vmAdditionalArgs": [],
        "toolArgs": [
            "--no-sound-null-safety",
            "-d",
            "emulator-5554",
            "--devtools-server-address",
            "http://127.0.0.1:9100/"
        ],
        "vmServicePort": 0,
        "dartSdkPath": "C:\\Users\\pawan\\Development\\sdk\\flutter\\bin\\cache\\dart-sdk",
        "vmServiceLogFile": "C:\\Users\\pawan\\OneDrive\\Desktop\\Files\\quiz\\logs\\observatory.txt",
        "maxLogLineLength": 2000,
        "debugSdkLibraries": false,
        "debugExternalPackageLibraries": false,
        "showDartDeveloperLogs": true,
        "evaluateGettersInDebugViews": true,
        "evaluateToStringInDebugViews": true,
        "flutterSdkPath": "C:\\Users\\pawan\\Development\\sdk\\flutter",
        "useInspectorNotificationsForWidgetErrors": true,
        "flutterRunLogFile": "C:\\Users\\pawan\\OneDrive\\Desktop\\Files\\quiz\\logs\\flutter_run.txt",
        "showMemoryUsage": false,
        "debuggerType": 2
    }
[2:48:00 AM] [General] [Info] Took 127ms to search for projects (5 levels)
[2:48:00 AM] [General] [Info] Took 4ms to filter out excluded projects (0 exclusion rules)
[3:14:15 AM] [FlutterRun] [Error] [Flutter] lib/src/pages/home/student/home/components/joinQuiz/components/controller/option_controller.dart:46:85: Error: Expected an identifier, but got ')'.
[3:14:15 AM] [FlutterRun] [Error] [Flutter] Try inserting an identifier before ')'.
      showDialog(context: Get.context!, builder: ((context) => ErrorDialog(message: )))
                                                                                    ^
[3:14:15 AM] [FlutterRun] [Error] [Flutter] lib/src/pages/home/student/home/components/joinQuiz/components/controller/option_controller.dart:46:87: Error: Expected ';' after this.
[3:14:15 AM] [FlutterRun] [Error] [Flutter]       showDialog(context: Get.context!, builder: ((context) => ErrorDialog(message: )))
                                                                                      ^
[3:14:20 AM] [FlutterRun] [Error] [Flutter] lib/src/pages/home/student/home/components/joinQuiz/components/controller/option_controller.dart:46:85: Error: Expected an identifier, but got ')'.
[3:14:20 AM] [FlutterRun] [Error] [Flutter] Try inserting an identifier before ')'.
      showDialog(context: Get.context!, builder: ((context) => ErrorDialog(message: )))
                                                                                    ^
lib/src/pages/home/student/home/components/joinQuiz/components/controller/option_controller.dart:46:87: Error: Expected ';' after this.
      showDialog(context: Get.context!, builder: ((context) => ErrorDialog(message: )))
                                                                                      ^
[3:17:03 AM] [FlutterRun] [Error] [Flutter] lib/src/pages/home/student/home/components/joinQuiz/components/controller/option_controller.dart:46:85: Error: Expected an identifier, but got ')'.
[3:17:03 AM] [FlutterRun] [Error] [Flutter] Try inserting an identifier before ')'.
      showDialog(context: Get.context!, builder: ((context) => ErrorDialog(message: )))
                                                                                    ^
lib/src/pages/home/student/home/components/joinQuiz/components/controller/option_controller.dart:46:87: Error: Expected ';' after this.
      showDialog(context: Get.context!, builder: ((context) => ErrorDialog(message: )))
                                                                                      ^
[3:18:34 AM] [FlutterRun] [Error] [Flutter] lib/src/pages/home/student/home/components/joinQuiz/components/controller/option_controller.dart:46:85: Error: Expected an identifier, but got ')'.
Try inserting an identifier before ')'.
[3:18:34 AM] [FlutterRun] [Error] [Flutter]       showDialog(context: Get.context!, builder: ((context) => ErrorDialog(message: )))
                                                                                    ^
lib/src/pages/home/student/home/components/joinQuiz/components/controller/option_controller.dart:46:87: Error: Expected ';' after this.
      showDialog(context: Get.context!, builder: ((context) => ErrorDialog(message: )))
                                                                                      ^
[3:18:58 AM] [FlutterRun] [Error] [Flutter] lib/src/pages/home/student/home/components/joinQuiz/components/controller/option_controller.dart:46:85: Error: Expected an identifier, but got ')'.
[3:18:58 AM] [FlutterRun] [Error] [Flutter] Try inserting an identifier before ')'.
      showDialog(context: Get.context!, builder: ((context) => ErrorDialog(message: )))
                                                                                    ^
lib/src/pages/home/student/home/components/joinQuiz/components/controller/option_controller.dart:46:87: Error: Expected ';' after this.
      showDialog(context: Get.context!, builder: ((context) => ErrorDialog(message: )))
                                                                                      ^
[3:19:25 AM] [FlutterRun] [Error] [Flutter] lib/src/pages/home/student/home/components/joinQuiz/components/controller/option_controller.dart:46:85: Error: Expected an identifier, but got ')'.
Try inserting an identifier before ')'.
[3:19:25 AM] [FlutterRun] [Error] [Flutter]       showDialog(context: Get.context!, builder: ((context) => ErrorDialog(message: )))
                                                                                    ^
lib/src/pages/home/student/home/components/joinQuiz/components/controller/option_controller.dart:46:87: Error: Expected ';' after this.
      showDialog(context: Get.context!, builder: ((context) => ErrorDialog(message: )))
                                                                                      ^
[3:19:29 AM] [FlutterRun] [Error] [Flutter] lib/src/pages/home/student/home/components/joinQuiz/components/controller/option_controller.dart:46:85: Error: Expected an identifier, but got ')'.
Try inserting an identifier before ')'.
[3:19:29 AM] [FlutterRun] [Error] [Flutter]       showDialog(context: Get.context!, builder: ((context) => ErrorDialog(message: )))
                                                                                    ^
lib/src/pages/home/student/home/components/joinQuiz/components/controller/option_controller.dart:46:87: Error: Expected ';' after this.
      showDialog(context: Get.context!, builder: ((context) => ErrorDialog(message: )))
                                                                                      ^
[3:19:34 AM] [FlutterRun] [Error] [Flutter] lib/src/pages/home/student/home/components/joinQuiz/components/controller/option_controller.dart:46:85: Error: Expected an identifier, but got ')'.
Try inserting an identifier before ')'.
[3:19:34 AM] [FlutterRun] [Error] [Flutter]       showDialog(context: Get.context!, builder: ((context) => ErrorDialog(message: )))
                                                                                    ^
lib/src/pages/home/student/home/components/joinQuiz/components/controller/option_controller.dart:46:87: Error: Expected ';' after this.
      showDialog(context: Get.context!, builder: ((context) => ErrorDialog(message: )))
                                                                                      ^
[3:19:40 AM] [FlutterRun] [Error] [Flutter] lib/src/pages/home/student/home/components/joinQuiz/components/controller/option_controller.dart:46:85: Error: Expected an identifier, but got ')'.
Try inserting an identifier before ')'.
[3:19:40 AM] [FlutterRun] [Error] [Flutter]       showDialog(context: Get.context!, builder: ((context) => ErrorDialog(message: )))
                                                                                    ^
lib/src/pages/home/student/home/components/joinQuiz/components/controller/option_controller.dart:46:87: Error: Expected ';' after this.
      showDialog(context: Get.context!, builder: ((context) => ErrorDialog(message: )))
                                                                                      ^
[3:20:27 AM] [FlutterRun] [Error] [Flutter] lib/src/pages/home/student/home/components/joinQuiz/components/controller/option_controller.dart:47:83: Error: Expected ';' after this.
      showDialog(context: Get.context!, builder: ((context) => ResultScreenView()))
[3:20:27 AM] [FlutterRun] [Error] [Flutter]                                                                                   ^
[3:24:48 AM] [General] [Info] Took 167ms to search for projects (5 levels)
[3:24:48 AM] [General] [Info] Took 4ms to filter out excluded projects (0 exclusion rules)
[3:28:31 AM] [FlutterRun] [Error] [Flutter] Hot reload was rejected:
[3:28:31 AM] [FlutterRun] [Error] [Flutter] Limitation: changing type parameters does not work with hot reload..
Try performing a hot restart instead.
[3:28:46 AM] [FlutterRun] [Error] [Flutter] Hot reload was rejected:
Limitation: changing type parameters does not work with hot reload..
Try performing a hot restart instead.
[3:28:52 AM] [FlutterRun] [Error] [Flutter] Hot reload was rejected:
Limitation: changing type parameters does not work with hot reload..
Try performing a hot restart instead.
[3:29:30 AM] [FlutterRun] [Error] [Flutter] Hot reload was rejected:
[3:29:30 AM] [FlutterRun] [Error] [Flutter] Limitation: changing type parameters does not work with hot reload..
Try performing a hot restart instead.
[3:29:46 AM] [FlutterRun] [Error] [Flutter] Hot reload was rejected:
Limitation: changing type parameters does not work with hot reload..
Try performing a hot restart instead.
[3:29:54 AM] [General] [Info] Starting debug session...
[3:29:54 AM] [General] [Info]     workspace: C:\Users\pawan\OneDrive\Desktop\Files\quiz
[3:29:54 AM] [General] [Info]     program  : lib/main.dart
[3:29:54 AM] [General] [Info] Setting cwd based on active workspace folder: C:\Users\pawan\OneDrive\Desktop\Files\quiz
[3:29:54 AM] [General] [Info] Converted program to absolute path: C:\Users\pawan\OneDrive\Desktop\Files\quiz\lib\main.dart
[3:29:54 AM] [General] [Info] Using workspace as cwd: C:\Users\pawan\OneDrive\Desktop\Files\quiz
[3:29:54 AM] [General] [Info] Detected launch project as Flutter
[3:29:54 AM] [General] [Info] Using Flutter debug adapter for this session
[3:29:54 AM] [General] [Info] Getting DevTools server address to pass to Flutter...
[3:29:54 AM] [General] [Info] Checking for errors before launching
[3:29:54 AM] [General] [Info] Debug session starting...
    {
        "name": "Flutter",
        "request": "launch",
        "type": "dart",
        "program": "C:\\Users\\pawan\\OneDrive\\Desktop\\Files\\quiz\\lib\\main.dart",
        "args": [
            "--web-hostname",
            "any"
        ],
        "__configurationTarget": 6,
        "noDebug": true,
        "dartCodeDebugSessionID": "session-ea0ae",
        "cwd": "C:\\Users\\pawan\\OneDrive\\Desktop\\Files\\quiz",
        "deviceId": "emulator-5554",
        "deviceName": "Pixel 4 XL API 30 (android-x86)",
        "toolEnv": {
            "FLUTTER_HOST": "VSCode",
            "PUB_ENVIRONMENT": "vscode.dart-code"
        },
        "sendLogsToClient": false,
        "sendCustomProgressEvents": true,
        "additionalProjectPaths": [
            "C:\\Users\\pawan\\OneDrive\\Desktop\\Files\\quiz"
        ],
        "vmAdditionalArgs": [],
        "toolArgs": [
            "--no-sound-null-safety",
            "-d",
            "emulator-5554",
            "--devtools-server-address",
            "http://127.0.0.1:9100/"
        ],
        "vmServicePort": 0,
        "dartSdkPath": "C:\\Users\\pawan\\Development\\sdk\\flutter\\bin\\cache\\dart-sdk",
        "vmServiceLogFile": "C:\\Users\\pawan\\OneDrive\\Desktop\\Files\\quiz\\logs\\observatory.txt",
        "maxLogLineLength": 2000,
        "debugSdkLibraries": false,
        "debugExternalPackageLibraries": false,
        "showDartDeveloperLogs": true,
        "evaluateGettersInDebugViews": true,
        "evaluateToStringInDebugViews": true,
        "flutterSdkPath": "C:\\Users\\pawan\\Development\\sdk\\flutter",
        "useInspectorNotificationsForWidgetErrors": true,
        "flutterRunLogFile": "C:\\Users\\pawan\\OneDrive\\Desktop\\Files\\quiz\\logs\\flutter_run.txt",
        "showMemoryUsage": false,
        "debuggerType": 2
    }
[3:29:56 AM] [General] [Info] Took 132ms to search for projects (5 levels)
[3:29:56 AM] [General] [Info] Took 3ms to filter out excluded projects (0 exclusion rules)
[3:51:29 AM] [General] [Info] Starting debug session...
[3:51:29 AM] [General] [Info]     workspace: C:\Users\pawan\OneDrive\Desktop\Files\quiz
[3:51:29 AM] [General] [Info]     program  : lib/main.dart
[3:51:29 AM] [General] [Info] Setting cwd based on active workspace folder: C:\Users\pawan\OneDrive\Desktop\Files\quiz
[3:51:29 AM] [General] [Info] Converted program to absolute path: C:\Users\pawan\OneDrive\Desktop\Files\quiz\lib\main.dart
[3:51:29 AM] [General] [Info] Using workspace as cwd: C:\Users\pawan\OneDrive\Desktop\Files\quiz
[3:51:30 AM] [General] [Info] Detected launch project as Flutter
[3:51:30 AM] [General] [Info] Using Flutter debug adapter for this session
[3:51:30 AM] [General] [Info] Getting DevTools server address to pass to Flutter...
[3:51:30 AM] [General] [Info] Checking for errors before launching
[3:51:30 AM] [General] [Info] Debug session starting...
    {
        "name": "Flutter",
        "request": "launch",
        "type": "dart",
        "program": "C:\\Users\\pawan\\OneDrive\\Desktop\\Files\\quiz\\lib\\main.dart",
        "args": [
            "--web-hostname",
            "any"
        ],
        "__configurationTarget": 6,
        "noDebug": true,
        "dartCodeDebugSessionID": "session-f8cee",
        "cwd": "C:\\Users\\pawan\\OneDrive\\Desktop\\Files\\quiz",
        "deviceId": "emulator-5554",
        "deviceName": "Pixel 4 XL API 30 (android-x86)",
        "toolEnv": {
            "FLUTTER_HOST": "VSCode",
            "PUB_ENVIRONMENT": "vscode.dart-code"
        },
        "sendLogsToClient": false,
        "sendCustomProgressEvents": true,
        "additionalProjectPaths": [
            "C:\\Users\\pawan\\OneDrive\\Desktop\\Files\\quiz"
        ],
        "vmAdditionalArgs": [],
        "toolArgs": [
            "--no-sound-null-safety",
            "-d",
            "emulator-5554",
            "--devtools-server-address",
            "http://127.0.0.1:9100/"
        ],
        "vmServicePort": 0,
        "dartSdkPath": "C:\\Users\\pawan\\Development\\sdk\\flutter\\bin\\cache\\dart-sdk",
        "vmServiceLogFile": "C:\\Users\\pawan\\OneDrive\\Desktop\\Files\\quiz\\logs\\observatory.txt",
        "maxLogLineLength": 2000,
        "debugSdkLibraries": false,
        "debugExternalPackageLibraries": false,
        "showDartDeveloperLogs": true,
        "evaluateGettersInDebugViews": true,
        "evaluateToStringInDebugViews": true,
        "flutterSdkPath": "C:\\Users\\pawan\\Development\\sdk\\flutter",
        "useInspectorNotificationsForWidgetErrors": true,
        "flutterRunLogFile": "C:\\Users\\pawan\\OneDrive\\Desktop\\Files\\quiz\\logs\\flutter_run.txt",
        "showMemoryUsage": false,
        "debuggerType": 2
    }
[3:51:32 AM] [General] [Info] Took 151ms to search for projects (5 levels)
[3:51:32 AM] [General] [Info] Took 4ms to filter out excluded projects (0 exclusion rules)
[3:59:58 AM] [General] [Info] Starting debug session...
[3:59:58 AM] [General] [Info]     workspace: C:\Users\pawan\OneDrive\Desktop\Files\quiz
[3:59:58 AM] [General] [Info]     program  : lib/main.dart
[3:59:58 AM] [General] [Info] Setting cwd based on active workspace folder: C:\Users\pawan\OneDrive\Desktop\Files\quiz
[3:59:58 AM] [General] [Info] Converted program to absolute path: C:\Users\pawan\OneDrive\Desktop\Files\quiz\lib\main.dart
[3:59:58 AM] [General] [Info] Using workspace as cwd: C:\Users\pawan\OneDrive\Desktop\Files\quiz
[3:59:58 AM] [General] [Info] Detected launch project as Flutter
[3:59:58 AM] [General] [Info] Using Flutter debug adapter for this session
[3:59:58 AM] [General] [Info] Getting DevTools server address to pass to Flutter...
[3:59:58 AM] [General] [Info] Checking for errors before launching
[3:59:58 AM] [General] [Info] Debug session starting...
    {
        "name": "Flutter",
        "request": "launch",
        "type": "dart",
        "program": "C:\\Users\\pawan\\OneDrive\\Desktop\\Files\\quiz\\lib\\main.dart",
        "args": [
            "--web-hostname",
            "any"
        ],
        "__configurationTarget": 6,
        "noDebug": true,
        "dartCodeDebugSessionID": "session-60f52",
        "cwd": "C:\\Users\\pawan\\OneDrive\\Desktop\\Files\\quiz",
        "deviceId": "emulator-5554",
        "deviceName": "Pixel 4 XL API 30 (android-x86)",
        "toolEnv": {
            "FLUTTER_HOST": "VSCode",
            "PUB_ENVIRONMENT": "vscode.dart-code"
        },
        "sendLogsToClient": false,
        "sendCustomProgressEvents": true,
        "additionalProjectPaths": [
            "C:\\Users\\pawan\\OneDrive\\Desktop\\Files\\quiz"
        ],
        "vmAdditionalArgs": [],
        "toolArgs": [
            "--no-sound-null-safety",
            "-d",
            "emulator-5554",
            "--devtools-server-address",
            "http://127.0.0.1:9100/"
        ],
        "vmServicePort": 0,
        "dartSdkPath": "C:\\Users\\pawan\\Development\\sdk\\flutter\\bin\\cache\\dart-sdk",
        "vmServiceLogFile": "C:\\Users\\pawan\\OneDrive\\Desktop\\Files\\quiz\\logs\\observatory.txt",
        "maxLogLineLength": 2000,
        "debugSdkLibraries": false,
        "debugExternalPackageLibraries": false,
        "showDartDeveloperLogs": true,
        "evaluateGettersInDebugViews": true,
        "evaluateToStringInDebugViews": true,
        "flutterSdkPath": "C:\\Users\\pawan\\Development\\sdk\\flutter",
        "useInspectorNotificationsForWidgetErrors": true,
        "flutterRunLogFile": "C:\\Users\\pawan\\OneDrive\\Desktop\\Files\\quiz\\logs\\flutter_run.txt",
        "showMemoryUsage": false,
        "debuggerType": 2
    }
[4:00:00 AM] [General] [Info] Took 157ms to search for projects (5 levels)
[4:00:00 AM] [General] [Info] Took 4ms to filter out excluded projects (0 exclusion rules)
